A51 MACRO ASSEMBLER  EXM1                                                                 01/14/2021 23:53:07 PAGE     1


MACRO ASSEMBLER A51 V8.02c
OBJECT MODULE PLACED IN .\Objects\exm1.obj
ASSEMBLER INVOKED BY: E:\Keil_v5\C51\BIN\A51.EXE exm1.asm SET(SMALL) DEBUG PRINT(.\Listings\exm1.lst) OBJECT(.\Objects\e
                      xm1.obj) EP

LOC  OBJ            LINE     SOURCE

0000                   1         ORG     0000H
0000 020100            2         LJMP    MAIN
0100                   3         ORG     0100H
0100                   4     MAIN:
0100 900500            5         MOV     DPTR,#0500H
0103 7940              6         MOV     R1,#40H     
0105 7B10              7         MOV     R3,#16         
                       8     
0107                   9     LOOP:
0107 7400             10         MOV     A,#00H              
0109 93               11         MOVC    A,@A+DPTR
010A F7               12         MOV     @R1,A
010B 09               13         INC     R1
010C A3               14         INC     DPTR
010D DBF8             15         DJNZ    R3,LOOP     
010F 80FE             16         SJMP    $
                      17     
0500                  18     ORG 0500H
0500 2255A011         19     DB 22H,55H,0A0H,11H,0C0H,99H,12H,0B0H,44H,0F1H,77H,33H,0EFH,66H,88H,0D0H
0504 C09912B0                
0508 44F17733                
050C EF6688D0                
                      20         
                      21     END
A51 MACRO ASSEMBLER  EXM1                                                                 01/14/2021 23:53:07 PAGE     2

SYMBOL TABLE LISTING
------ ----- -------


N A M E             T Y P E  V A L U E   ATTRIBUTES

LOOP . . . . . . .  C ADDR   0107H   A   
MAIN . . . . . . .  C ADDR   0100H   A   


REGISTER BANK(S) USED: 0 


ASSEMBLY COMPLETE.  0 WARNING(S), 0 ERROR(S)
