A51 MACRO ASSEMBLER  INT0                                                                 01/12/2021 08:37:17 PAGE     1


MACRO ASSEMBLER A51 V8.02c
OBJECT MODULE PLACED IN .\Objects\INT0.obj
ASSEMBLER INVOKED BY: E:\Keil_v5\C51\BIN\A51.EXE INT0.asm SET(SMALL) DEBUG PRINT(.\Listings\INT0.lst) OBJECT(.\Objects\I
                      NT0.obj) EP

LOC  OBJ            LINE     SOURCE

                       1     
0000                   2             ORG     0000H
0000 020100            3                     LJMP    MAIN
0003                   4                     ORG             0003H
0003 020113            5                     LJMP    INTT0
0100                   6                     ORG             0100H
                       7                     
0100 758160            8     MAIN:   MOV             SP,#60H
0103 D2AF              9                     SETB    EA
0105 D2A8             10                     SETB    EX0
0107 D288             11                     SETB    IT0
0109 75B801           12                     MOV             IP,#01H
010C C2A0             13                     CLR             P2.0
010E 75B0FF           14                     MOV             P3,#0FFH
0111 80FE             15                     SJMP    $
                      16                     
0113 E5B0             17     INTT0:  MOV             A,P3
0115 F4               18                     CPL             A
0116 6011             19                     JZ              RETURN
0118 12012A           20                     LCALL   D10ms
011B E5B0             21                     MOV             A,P3
011D F4               22                     CPL             A
011E 6009             23                     JZ              RETURN
0120 20E201           24                     JB              ACC.2,Pkey0
0123 32               25                     RETI
                      26                     
0124 B2A0             27     Pkey0:  CPL             P2.0
0126 020129           28                     LJMP    RETURN
0129 32               29     RETURN: RETI
012A 7F19             30     D10ms:  MOV             R7,#25
012C 7EC8             31     D1:             MOV             R6,#200
012E DEFE             32                     DJNZ    R6,$
0130 DFFA             33                     DJNZ    R7,D1
0132 22               34                     RET
                      35                     
                      36                     END
                                                     
A51 MACRO ASSEMBLER  INT0                                                                 01/12/2021 08:37:17 PAGE     2

SYMBOL TABLE LISTING
------ ----- -------


N A M E             T Y P E  V A L U E   ATTRIBUTES

ACC. . . . . . . .  D ADDR   00E0H   A   
D1 . . . . . . . .  C ADDR   012CH   A   
D10MS. . . . . . .  C ADDR   012AH   A   
EA . . . . . . . .  B ADDR   00A8H.7 A   
EX0. . . . . . . .  B ADDR   00A8H.0 A   
INTT0. . . . . . .  C ADDR   0113H   A   
IP . . . . . . . .  D ADDR   00B8H   A   
IT0. . . . . . . .  B ADDR   0088H.0 A   
MAIN . . . . . . .  C ADDR   0100H   A   
P2 . . . . . . . .  D ADDR   00A0H   A   
P3 . . . . . . . .  D ADDR   00B0H   A   
PKEY0. . . . . . .  C ADDR   0124H   A   
RETURN . . . . . .  C ADDR   0129H   A   
SP . . . . . . . .  D ADDR   0081H   A   


REGISTER BANK(S) USED: 0 


ASSEMBLY COMPLETE.  0 WARNING(S), 0 ERROR(S)
