Determining if the pthread_create exist failed with the following output:
Change Dir: /root/software/transbot_library/build/CMakeFiles/CMakeTmp

Run Build Command:"/usr/bin/make" "cmTC_be1da/fast"
/usr/bin/make -f CMakeFiles/cmTC_be1da.dir/build.make CMakeFiles/cmTC_be1da.dir/build
make[1]: Entering directory '/root/software/transbot_library/build/CMakeFiles/CMakeTmp'
Building C object CMakeFiles/cmTC_be1da.dir/CheckSymbolExists.c.o
/usr/bin/cc    -o CMakeFiles/cmTC_be1da.dir/CheckSymbolExists.c.o   -c /root/software/transbot_library/build/CMakeFiles/CMakeTmp/CheckSymbolExists.c
Linking C executable cmTC_be1da
/usr/bin/cmake -E cmake_link_script CMakeFiles/cmTC_be1da.dir/link.txt --verbose=1
/usr/bin/cc      -rdynamic CMakeFiles/cmTC_be1da.dir/CheckSymbolExists.c.o  -o cmTC_be1da 
CMakeFiles/cmTC_be1da.dir/CheckSymbolExists.c.o: In function `main':
CheckSymbolExists.c:(.text+0x14): undefined reference to `pthread_create'
CheckSymbolExists.c:(.text+0x18): undefined reference to `pthread_create'
collect2: error: ld returned 1 exit status
CMakeFiles/cmTC_be1da.dir/build.make:97: recipe for target 'cmTC_be1da' failed
make[1]: *** [cmTC_be1da] Error 1
make[1]: Leaving directory '/root/software/transbot_library/build/CMakeFiles/CMakeTmp'
Makefile:126: recipe for target 'cmTC_be1da/fast' failed
make: *** [cmTC_be1da/fast] Error 2

File /root/software/transbot_library/build/CMakeFiles/CMakeTmp/CheckSymbolExists.c:
/* */
#include <pthread.h>

int main(int argc, char** argv)
{
  (void)argv;
#ifndef pthread_create
  return ((int*)(&pthread_create))[argc];
#else
  (void)argc;
  return 0;
#endif
}

Determining if the function pthread_create exists in the pthreads failed with the following output:
Change Dir: /root/software/transbot_library/build/CMakeFiles/CMakeTmp

Run Build Command:"/usr/bin/make" "cmTC_55b57/fast"
/usr/bin/make -f CMakeFiles/cmTC_55b57.dir/build.make CMakeFiles/cmTC_55b57.dir/build
make[1]: Entering directory '/root/software/transbot_library/build/CMakeFiles/CMakeTmp'
Building C object CMakeFiles/cmTC_55b57.dir/CheckFunctionExists.c.o
/usr/bin/cc   -DCHECK_FUNCTION_EXISTS=pthread_create   -o CMakeFiles/cmTC_55b57.dir/CheckFunctionExists.c.o   -c /usr/share/cmake-3.10/Modules/CheckFunctionExists.c
Linking C executable cmTC_55b57
/usr/bin/cmake -E cmake_link_script CMakeFiles/cmTC_55b57.dir/link.txt --verbose=1
/usr/bin/cc  -DCHECK_FUNCTION_EXISTS=pthread_create    -rdynamic CMakeFiles/cmTC_55b57.dir/CheckFunctionExists.c.o  -o cmTC_55b57 -lpthreads 
/usr/bin/ld: cannot find -lpthreads
collect2: error: ld returned 1 exit status
CMakeFiles/cmTC_55b57.dir/build.make:97: recipe for target 'cmTC_55b57' failed
make[1]: *** [cmTC_55b57] Error 1
make[1]: Leaving directory '/root/software/transbot_library/build/CMakeFiles/CMakeTmp'
Makefile:126: recipe for target 'cmTC_55b57/fast' failed
make: *** [cmTC_55b57/fast] Error 2


