A51 MACRO ASSEMBLER  RECEIEVE                                                             12/29/2020 10:27:23 PAGE     1


MACRO ASSEMBLER A51 V8.02c
OBJECT MODULE PLACED IN .\Objects\receieve.obj
ASSEMBLER INVOKED BY: E:\Keil_v5\C51\BIN\A51.EXE receieve.asm SET(SMALL) DEBUG PRINT(.\Listings\receieve.lst) OBJECT(.\O
                      bjects\receieve.obj) EP

LOC  OBJ            LINE     SOURCE

0000                   1                     ORG 0000h
0000 020100            2                     LJMP MAIN
0100                   3                     ORG 0100H
0100 758160            4     MAIN:   MOV     SP,#60H 
0103 758920            5                     MOV TMOD,#20H
0106 758DF4            6                     MOV TH1,#0F4H
0109 758BF4            7                     MOV TL1,#0F4H
010C 758780            8                     MOV PCON,#80H
010F D28E              9                     SETB TR1
0111 759850           10                     MOV SCON,#50H
0114 7830             11                     MOV R0,#30H
0116 7F00             12                     MOV R7,#00H
0118 7E00             13                     MOV R6,#00H
                      14     
011A 3098FD           15     REC:    JNB RI,REC                                       
011D C298             16                     CLR RI
011F E599             17                     MOV A,SBUF
0121 B40603           18                     CJNE A,#06H,SEND
0124 020133           19                     LJMP SEND2
                      20             
0127 7415             21     SEND:   MOV A,#15H                                
0129 F599             22                     MOV SBUF,A
012B 3099FD           23     WAIT1:  JNB TI,WAIT1
012E C299             24                     CLR TI
0130 02011A           25                     LJMP REC           
                      26     
0133 7400             27     SEND2:  MOV A,#00H                        
0135 F599             28                     MOV SBUF,A
0137 3099FD           29     WAIT2:  JNB TI,WAIT2
013A C299             30                     CLR TI
                      31     
013C 3098FD           32     REC1:   JNB RI,REC1                 
013F C298             33                     CLR RI
0141 E599             34                     MOV A,SBUF
0143 FF               35                     MOV R7,A
0144 FE               36                     MOV R6,A
0145 3098FD           37     REC2:   JNB RI,REC2                 
0148 C298             38                     CLR RI
014A E599             39                     MOV A,SBUF
014C F6               40                     MOV @R0,A
014D 2E               41                     ADD A,R6
014E FE               42                     MOV R6,A
014F 08               43                     INC R0
0150 DFF3             44                     DJNZ R7,REC2
                      45     
0152 3098FD           46     REC3:   JNB RI,REC3                        
0155 C298             47                     CLR RI
0157 E599             48                     MOV A,SBUF
0159 8E40             49                     MOV 40H,R6
015B B5400B           50                     CJNE A,40H,WRO             
                      51     
015E 740F             52     TR:             MOV A,#0FH
0160 F599             53                     MOV SBUF,A
0162 3099FD           54     WAIT3:  JNB TI,WAIT3
0165 C299             55                     CLR TI
0167 80FE             56                     SJMP $
                      57     
A51 MACRO ASSEMBLER  RECEIEVE                                                             12/29/2020 10:27:23 PAGE     2

0169 74F0             58     WRO:    MOV A,#0F0H
016B F599             59                     MOV SBUF,A
016D 3098FD           60     WAIT4:  JNB RI,WAIT4
0170 C298             61                     CLR RI
0172 80FE             62                     SJMP $
                      63     
                      64     END
                             
                             
                             
                             
                                                     
A51 MACRO ASSEMBLER  RECEIEVE                                                             12/29/2020 10:27:23 PAGE     3

SYMBOL TABLE LISTING
------ ----- -------


N A M E             T Y P E  V A L U E   ATTRIBUTES

MAIN . . . . . . .  C ADDR   0100H   A   
PCON . . . . . . .  D ADDR   0087H   A   
REC. . . . . . . .  C ADDR   011AH   A   
REC1 . . . . . . .  C ADDR   013CH   A   
REC2 . . . . . . .  C ADDR   0145H   A   
REC3 . . . . . . .  C ADDR   0152H   A   
RI . . . . . . . .  B ADDR   0098H.0 A   
SBUF . . . . . . .  D ADDR   0099H   A   
SCON . . . . . . .  D ADDR   0098H   A   
SEND . . . . . . .  C ADDR   0127H   A   
SEND2. . . . . . .  C ADDR   0133H   A   
SP . . . . . . . .  D ADDR   0081H   A   
TH1. . . . . . . .  D ADDR   008DH   A   
TI . . . . . . . .  B ADDR   0098H.1 A   
TL1. . . . . . . .  D ADDR   008BH   A   
TMOD . . . . . . .  D ADDR   0089H   A   
TR . . . . . . . .  C ADDR   015EH   A   
TR1. . . . . . . .  B ADDR   0088H.6 A   
WAIT1. . . . . . .  C ADDR   012BH   A   
WAIT2. . . . . . .  C ADDR   0137H   A   
WAIT3. . . . . . .  C ADDR   0162H   A   
WAIT4. . . . . . .  C ADDR   016DH   A   
WRO. . . . . . . .  C ADDR   0169H   A   


REGISTER BANK(S) USED: 0 


ASSEMBLY COMPLETE.  0 WARNING(S), 0 ERROR(S)
