EDA Netlist Writer report for FMETER
Mon Jul 13 15:33:07 2020
Quartus II 64-Bit Version 15.0.0 Build 145 04/22/2015 SJ Full Version


---------------------
; Table of Contents ;
---------------------
  1. Legal Notice
  2. EDA Netlist Writer Summary
  3. EDA Netlist Writer Messages



----------------
; Legal Notice ;
----------------
Copyright (C) 1991-2015 Altera Corporation. All rights reserved.
Your use of Altera Corporation's design tools, logic functions 
and other software and tools, and its AMPP partner logic 
functions, and any output files from any of the foregoing 
(including device programming or simulation files), and any 
associated documentation or information are expressly subject 
to the terms and conditions of the Altera Program License 
Subscription Agreement, the Altera Quartus II License Agreement,
the Altera MegaCore Function License Agreement, or other 
applicable license agreement, including, without limitation, 
that your use is for the sole purpose of programming logic 
devices manufactured by Altera and sold by Altera or its 
authorized distributors.  Please refer to the applicable 
agreement for further details.



+---------------------------------------------------------------+
; EDA Netlist Writer Summary                                    ;
+---------------------------+-----------------------------------+
; EDA Netlist Writer Status ; Failed - Mon Jul 13 15:33:07 2020 ;
; Revision Name             ; FMETER                            ;
; Top-level Entity Name     ; LATCH4                            ;
; Family                    ; Cyclone IV E                      ;
+---------------------------+-----------------------------------+


+-----------------------------+
; EDA Netlist Writer Messages ;
+-----------------------------+
Info: *******************************************************************
Info: Running Quartus II 64-Bit EDA Netlist Writer
    Info: Version 15.0.0 Build 145 04/22/2015 SJ Full Version
    Info: Copyright (C) 1991-2015 Altera Corporation. All rights reserved.
    Info: Your use of Altera Corporation's design tools, logic functions 
    Info: and other software and tools, and its AMPP partner logic 
    Info: functions, and any output files from any of the foregoing 
    Info: (including device programming or simulation files), and any 
    Info: associated documentation or information are expressly subject 
    Info: to the terms and conditions of the Altera Program License 
    Info: Subscription Agreement, the Altera Quartus II License Agreement,
    Info: the Altera MegaCore Function License Agreement, or other 
    Info: applicable license agreement, including, without limitation, 
    Info: that your use is for the sole purpose of programming logic 
    Info: devices manufactured by Altera and sold by Altera or its 
    Info: authorized distributors.  Please refer to the applicable 
    Info: agreement for further details.
    Info: Processing started: Mon Jul 13 15:33:07 2020
Info: Command: quartus_eda --gen_testbench --check_outputs=on --tool=modelsim_oem --format=verilog --write_settings_files=off FMETER -c FMETER --vector_source=E:/altera/15.0/Project/FMETER/LATCH4.vwf --testbench_file=E:/altera/15.0/Project/FMETER/simulation/qsim/LATCH4.vwf.vt
Error (201009): Bus port "d" specified in vector source file has width of 4, which does not match width 7 of top level port of same name
Error (201009): Bus port "d" specified in vector source file has width of 4, which does not match width 7 of top level port of same name
Error (201009): Bus port "d" specified in vector source file has width of 4, which does not match width 7 of top level port of same name
Info (201000): Generated Verilog Test Bench File E:/altera/15.0/Project/FMETER/simulation/qsim/LATCH4.vwf.vt for simulation
Error: Quartus II 64-Bit EDA Netlist Writer was unsuccessful. 3 errors, 0 warnings
    Error: Peak virtual memory: 4705 megabytes
    Error: Processing ended: Mon Jul 13 15:33:07 2020
    Error: Elapsed time: 00:00:00
    Error: Total CPU time (on all processors): 00:00:01


