Flow report for FMETER
Mon Jul 13 15:33:07 2020
Quartus II 64-Bit Version 15.0.0 Build 145 04/22/2015 SJ Full Version


---------------------
; Table of Contents ;
---------------------
  1. Legal Notice
  2. Flow Summary
  3. Flow Settings
  4. Flow Non-Default Global Settings
  5. Flow Elapsed Time
  6. Flow OS Summary
  7. Flow Log
  8. Flow Messages
  9. Flow Suppressed Messages



----------------
; Legal Notice ;
----------------
Copyright (C) 1991-2015 Altera Corporation. All rights reserved.
Your use of Altera Corporation's design tools, logic functions 
and other software and tools, and its AMPP partner logic 
functions, and any output files from any of the foregoing 
(including device programming or simulation files), and any 
associated documentation or information are expressly subject 
to the terms and conditions of the Altera Program License 
Subscription Agreement, the Altera Quartus II License Agreement,
the Altera MegaCore Function License Agreement, or other 
applicable license agreement, including, without limitation, 
that your use is for the sole purpose of programming logic 
devices manufactured by Altera and sold by Altera or its 
authorized distributors.  Please refer to the applicable 
agreement for further details.



+-------------------------------------------------------------------------------------------+
; Flow Summary                                                                              ;
+------------------------------------+------------------------------------------------------+
; Flow Status                        ; EDA Netlist Writer Failed - Mon Jul 13 15:33:07 2020 ;
; Quartus II 64-Bit Version          ; 15.0.0 Build 145 04/22/2015 SJ Full Version          ;
; Revision Name                      ; FMETER                                               ;
; Top-level Entity Name              ; LATCH4                                               ;
; Family                             ; Cyclone IV E                                         ;
; Device                             ; EP4CE6E22C8                                          ;
; Timing Models                      ; Final                                                ;
; Total logic elements               ; 4 / 6,272 ( < 1 % )                                  ;
;     Total combinational functions  ; 4 / 6,272 ( < 1 % )                                  ;
;     Dedicated logic registers      ; 0 / 6,272 ( 0 % )                                    ;
; Total registers                    ; 0                                                    ;
; Total pins                         ; 9 / 92 ( 10 % )                                      ;
; Total virtual pins                 ; 0                                                    ;
; Total memory bits                  ; 0 / 276,480 ( 0 % )                                  ;
; Embedded Multiplier 9-bit elements ; 0 / 30 ( 0 % )                                       ;
; Total PLLs                         ; 0 / 2 ( 0 % )                                        ;
+------------------------------------+------------------------------------------------------+


+-----------------------------------------+
; Flow Settings                           ;
+-------------------+---------------------+
; Option            ; Setting             ;
+-------------------+---------------------+
; Start date & time ; 07/13/2020 15:31:34 ;
; Main task         ; Compilation         ;
; Revision Name     ; FMETER              ;
+-------------------+---------------------+


+----------------------------------------------------------------------------------------------------------------------+
; Flow Non-Default Global Settings                                                                                     ;
+-------------------------------------+---------------------------------+---------------+-------------+----------------+
; Assignment Name                     ; Value                           ; Default Value ; Entity Name ; Section Id     ;
+-------------------------------------+---------------------------------+---------------+-------------+----------------+
; COMPILER_SIGNATURE_ID               ; 167304650816590.159462549410040 ; --            ; --          ; --             ;
; EDA_OUTPUT_DATA_FORMAT              ; Vhdl                            ; --            ; --          ; eda_simulation ;
; EDA_SIMULATION_TOOL                 ; ModelSim-Altera (VHDL)          ; <None>        ; --          ; --             ;
; MAX_CORE_JUNCTION_TEMP              ; 85                              ; --            ; --          ; --             ;
; MIN_CORE_JUNCTION_TEMP              ; 0                               ; --            ; --          ; --             ;
; NOMINAL_CORE_SUPPLY_VOLTAGE         ; 1.2V                            ; --            ; --          ; --             ;
; PARTITION_COLOR                     ; 16764057                        ; --            ; LATCH4      ; Top            ;
; PARTITION_FITTER_PRESERVATION_LEVEL ; PLACEMENT_AND_ROUTING           ; --            ; LATCH4      ; Top            ;
; PARTITION_NETLIST_TYPE              ; SOURCE                          ; --            ; LATCH4      ; Top            ;
; PROJECT_OUTPUT_DIRECTORY            ; output_files                    ; --            ; --          ; --             ;
; TOP_LEVEL_ENTITY                    ; LATCH4                          ; FMETER        ; --          ; --             ;
+-------------------------------------+---------------------------------+---------------+-------------+----------------+


+-------------------------------------------------------------------------------------------------------------------------------+
; Flow Elapsed Time                                                                                                             ;
+---------------------------+--------------+-------------------------+---------------------+------------------------------------+
; Module Name               ; Elapsed Time ; Average Processors Used ; Peak Virtual Memory ; Total CPU Time (on all processors) ;
+---------------------------+--------------+-------------------------+---------------------+------------------------------------+
; Analysis & Synthesis      ; 00:00:11     ; 1.0                     ; 4842 MB             ; 00:00:23                           ;
; Fitter                    ; 00:00:04     ; 1.0                     ; 5614 MB             ; 00:00:05                           ;
; Assembler                 ; 00:00:02     ; 1.0                     ; 4741 MB             ; 00:00:01                           ;
; TimeQuest Timing Analyzer ; 00:00:02     ; 1.0                     ; 4855 MB             ; 00:00:02                           ;
; EDA Netlist Writer        ; 00:00:01     ; 1.0                     ; 4703 MB             ; 00:00:01                           ;
; EDA Netlist Writer        ; 00:00:00     ; 1.0                     ; 4693 MB             ; 00:00:01                           ;
; Total                     ; 00:00:20     ; --                      ; --                  ; 00:00:33                           ;
+---------------------------+--------------+-------------------------+---------------------+------------------------------------+


+----------------------------------------------------------------------------------------+
; Flow OS Summary                                                                        ;
+---------------------------+------------------+-----------+------------+----------------+
; Module Name               ; Machine Hostname ; OS Name   ; OS Version ; Processor type ;
+---------------------------+------------------+-----------+------------+----------------+
; Analysis & Synthesis      ; boom             ; Windows 7 ; 6.2        ; x86_64         ;
; Fitter                    ; boom             ; Windows 7 ; 6.2        ; x86_64         ;
; Assembler                 ; boom             ; Windows 7 ; 6.2        ; x86_64         ;
; TimeQuest Timing Analyzer ; boom             ; Windows 7 ; 6.2        ; x86_64         ;
; EDA Netlist Writer        ; boom             ; Windows 7 ; 6.2        ; x86_64         ;
; EDA Netlist Writer        ; boom             ; Windows 7 ; 6.2        ; x86_64         ;
+---------------------------+------------------+-----------+------------+----------------+


------------
; Flow Log ;
------------
quartus_map --read_settings_files=on --write_settings_files=off FMETER -c FMETER
quartus_fit --read_settings_files=off --write_settings_files=off FMETER -c FMETER
quartus_asm --read_settings_files=off --write_settings_files=off FMETER -c FMETER
quartus_sta FMETER -c FMETER
quartus_eda --read_settings_files=off --write_settings_files=off FMETER -c FMETER
quartus_eda --gen_testbench --check_outputs=on --tool=modelsim_oem --format=verilog --write_settings_files=off FMETER -c FMETER --vector_source=E:/altera/15.0/Project/FMETER/LATCH4.vwf --testbench_file=E:/altera/15.0/Project/FMETER/simulation/qsim/LATCH4.vwf.vt



