Determining if the pthread_create exist failed with the following output:
Change Dir: /root/transbot_ws/build/CMakeFiles/CMakeTmp

Run Build Command:"/usr/bin/make" "cmTC_ae58a/fast"
/usr/bin/make -f CMakeFiles/cmTC_ae58a.dir/build.make CMakeFiles/cmTC_ae58a.dir/build
make[1]: Entering directory '/root/transbot_ws/build/CMakeFiles/CMakeTmp'
Building C object CMakeFiles/cmTC_ae58a.dir/CheckSymbolExists.c.o
/usr/bin/cc    -o CMakeFiles/cmTC_ae58a.dir/CheckSymbolExists.c.o   -c /root/transbot_ws/build/CMakeFiles/CMakeTmp/CheckSymbolExists.c
Linking C executable cmTC_ae58a
/usr/bin/cmake -E cmake_link_script CMakeFiles/cmTC_ae58a.dir/link.txt --verbose=1
/usr/bin/cc      -rdynamic CMakeFiles/cmTC_ae58a.dir/CheckSymbolExists.c.o  -o cmTC_ae58a 
CMakeFiles/cmTC_ae58a.dir/CheckSymbolExists.c.o: In function `main':
CheckSymbolExists.c:(.text+0x14): undefined reference to `pthread_create'
CheckSymbolExists.c:(.text+0x18): undefined reference to `pthread_create'
collect2: error: ld returned 1 exit status
CMakeFiles/cmTC_ae58a.dir/build.make:97: recipe for target 'cmTC_ae58a' failed
make[1]: *** [cmTC_ae58a] Error 1
make[1]: Leaving directory '/root/transbot_ws/build/CMakeFiles/CMakeTmp'
Makefile:126: recipe for target 'cmTC_ae58a/fast' failed
make: *** [cmTC_ae58a/fast] Error 2

File /root/transbot_ws/build/CMakeFiles/CMakeTmp/CheckSymbolExists.c:
/* */
#include <pthread.h>

int main(int argc, char** argv)
{
  (void)argv;
#ifndef pthread_create
  return ((int*)(&pthread_create))[argc];
#else
  (void)argc;
  return 0;
#endif
}

Determining if the function pthread_create exists in the pthreads failed with the following output:
Change Dir: /root/transbot_ws/build/CMakeFiles/CMakeTmp

Run Build Command:"/usr/bin/make" "cmTC_fe9b5/fast"
/usr/bin/make -f CMakeFiles/cmTC_fe9b5.dir/build.make CMakeFiles/cmTC_fe9b5.dir/build
make[1]: Entering directory '/root/transbot_ws/build/CMakeFiles/CMakeTmp'
Building C object CMakeFiles/cmTC_fe9b5.dir/CheckFunctionExists.c.o
/usr/bin/cc   -DCHECK_FUNCTION_EXISTS=pthread_create   -o CMakeFiles/cmTC_fe9b5.dir/CheckFunctionExists.c.o   -c /usr/share/cmake-3.10/Modules/CheckFunctionExists.c
Linking C executable cmTC_fe9b5
/usr/bin/cmake -E cmake_link_script CMakeFiles/cmTC_fe9b5.dir/link.txt --verbose=1
/usr/bin/cc  -DCHECK_FUNCTION_EXISTS=pthread_create    -rdynamic CMakeFiles/cmTC_fe9b5.dir/CheckFunctionExists.c.o  -o cmTC_fe9b5 -lpthreads 
/usr/bin/ld: cannot find -lpthreads
collect2: error: ld returned 1 exit status
CMakeFiles/cmTC_fe9b5.dir/build.make:97: recipe for target 'cmTC_fe9b5' failed
make[1]: *** [cmTC_fe9b5] Error 1
make[1]: Leaving directory '/root/transbot_ws/build/CMakeFiles/CMakeTmp'
Makefile:126: recipe for target 'cmTC_fe9b5/fast' failed
make: *** [cmTC_fe9b5/fast] Error 2


