Flow report for traffic
Thu Dec 17 03:48:55 2020
Quartus II 64-Bit Version 15.0.0 Build 145 04/22/2015 SJ Full Version


---------------------
; Table of Contents ;
---------------------
  1. Legal Notice
  2. Flow Summary
  3. Flow Settings
  4. Flow Non-Default Global Settings
  5. Flow Elapsed Time
  6. Flow OS Summary
  7. Flow Log
  8. Flow Messages
  9. Flow Suppressed Messages



----------------
; Legal Notice ;
----------------
Copyright (C) 1991-2015 Altera Corporation. All rights reserved.
Your use of Altera Corporation's design tools, logic functions 
and other software and tools, and its AMPP partner logic 
functions, and any output files from any of the foregoing 
(including device programming or simulation files), and any 
associated documentation or information are expressly subject 
to the terms and conditions of the Altera Program License 
Subscription Agreement, the Altera Quartus II License Agreement,
the Altera MegaCore Function License Agreement, or other 
applicable license agreement, including, without limitation, 
that your use is for the sole purpose of programming logic 
devices manufactured by Altera and sold by Altera or its 
authorized distributors.  Please refer to the applicable 
agreement for further details.



+----------------------------------------------------------------------------------+
; Flow Summary                                                                     ;
+------------------------------------+---------------------------------------------+
; Flow Status                        ; Successful - Thu Dec 17 03:48:55 2020       ;
; Quartus II 64-Bit Version          ; 15.0.0 Build 145 04/22/2015 SJ Full Version ;
; Revision Name                      ; traffic                                     ;
; Top-level Entity Name              ; traffic_top                                 ;
; Family                             ; Cyclone IV E                                ;
; Device                             ; EP4CE6E22C8                                 ;
; Timing Models                      ; Final                                       ;
; Total logic elements               ; 152 / 6,272 ( 2 % )                         ;
;     Total combinational functions  ; 151 / 6,272 ( 2 % )                         ;
;     Dedicated logic registers      ; 44 / 6,272 ( < 1 % )                        ;
; Total registers                    ; 44                                          ;
; Total pins                         ; 50 / 92 ( 54 % )                            ;
; Total virtual pins                 ; 0                                           ;
; Total memory bits                  ; 0 / 276,480 ( 0 % )                         ;
; Embedded Multiplier 9-bit elements ; 0 / 30 ( 0 % )                              ;
; Total PLLs                         ; 0 / 2 ( 0 % )                               ;
+------------------------------------+---------------------------------------------+


+-----------------------------------------+
; Flow Settings                           ;
+-------------------+---------------------+
; Option            ; Setting             ;
+-------------------+---------------------+
; Start date & time ; 12/17/2020 03:48:19 ;
; Main task         ; Compilation         ;
; Revision Name     ; traffic             ;
+-------------------+---------------------+


+----------------------------------------------------------------------------------------------------------------------------------+
; Flow Non-Default Global Settings                                                                                                 ;
+--------------------------------------+---------------------------------------+---------------+-------------+---------------------+
; Assignment Name                      ; Value                                 ; Default Value ; Entity Name ; Section Id          ;
+--------------------------------------+---------------------------------------+---------------+-------------+---------------------+
; COMPILER_SIGNATURE_ID                ; 167304650816590.160814809920012       ; --            ; --          ; --                  ;
; EDA_DESIGN_INSTANCE_NAME             ; i1                                    ; --            ; --          ; traffic_top_vlg_tst ;
; EDA_DESIGN_INSTANCE_NAME             ; i1                                    ; --            ; --          ; traffic_con_vlg_tst ;
; EDA_NATIVELINK_SIMULATION_TEST_BENCH ; traffic_top_vlg_tst                   ; --            ; --          ; eda_simulation      ;
; EDA_OUTPUT_DATA_FORMAT               ; Verilog Hdl                           ; --            ; --          ; eda_simulation      ;
; EDA_SIMULATION_TOOL                  ; ModelSim (Verilog)                    ; <None>        ; --          ; --                  ;
; EDA_TEST_BENCH_ENABLE_STATUS         ; TEST_BENCH_MODE                       ; --            ; --          ; eda_simulation      ;
; EDA_TEST_BENCH_FILE                  ; simulation/modelsim/traffic_top.vt    ; --            ; --          ; traffic_top_vlg_tst ;
; EDA_TEST_BENCH_FILE                  ; simulation/modelsim/traffic_con.vt    ; --            ; --          ; traffic_con_vlg_tst ;
; EDA_TEST_BENCH_MODULE_NAME           ; traffic_top_vlg_tst                   ; --            ; --          ; traffic_top_vlg_tst ;
; EDA_TEST_BENCH_MODULE_NAME           ; traffic_con_vlg_tst                   ; --            ; --          ; traffic_con_vlg_tst ;
; EDA_TEST_BENCH_NAME                  ; traffic_con_vlg_tst                   ; --            ; --          ; eda_simulation      ;
; EDA_TEST_BENCH_NAME                  ; traffic_top_vlg_tst                   ; --            ; --          ; eda_simulation      ;
; EDA_TIME_SCALE                       ; 1 ps                                  ; --            ; --          ; eda_simulation      ;
; MAX_CORE_JUNCTION_TEMP               ; 85                                    ; --            ; --          ; --                  ;
; MIN_CORE_JUNCTION_TEMP               ; 0                                     ; --            ; --          ; --                  ;
; NOMINAL_CORE_SUPPLY_VOLTAGE          ; 1.2V                                  ; --            ; --          ; --                  ;
; PARTITION_COLOR                      ; 16764057                              ; --            ; traffic_top ; Top                 ;
; PARTITION_FITTER_PRESERVATION_LEVEL  ; PLACEMENT_AND_ROUTING                 ; --            ; traffic_top ; Top                 ;
; PARTITION_NETLIST_TYPE               ; SOURCE                                ; --            ; traffic_top ; Top                 ;
; POWER_BOARD_THERMAL_MODEL            ; None (CONSERVATIVE)                   ; --            ; --          ; --                  ;
; POWER_PRESET_COOLING_SOLUTION        ; 23 MM HEAT SINK WITH 200 LFPM AIRFLOW ; --            ; --          ; --                  ;
; PROJECT_OUTPUT_DIRECTORY             ; output_files                          ; --            ; --          ; --                  ;
; TOP_LEVEL_ENTITY                     ; traffic_top                           ; traffic       ; --          ; --                  ;
+--------------------------------------+---------------------------------------+---------------+-------------+---------------------+


+-------------------------------------------------------------------------------------------------------------------------------+
; Flow Elapsed Time                                                                                                             ;
+---------------------------+--------------+-------------------------+---------------------+------------------------------------+
; Module Name               ; Elapsed Time ; Average Processors Used ; Peak Virtual Memory ; Total CPU Time (on all processors) ;
+---------------------------+--------------+-------------------------+---------------------+------------------------------------+
; Analysis & Synthesis      ; 00:00:13     ; 1.0                     ; 4830 MB             ; 00:00:24                           ;
; Fitter                    ; 00:00:08     ; 2.0                     ; 5624 MB             ; 00:00:08                           ;
; Assembler                 ; 00:00:01     ; 1.0                     ; 4741 MB             ; 00:00:01                           ;
; TimeQuest Timing Analyzer ; 00:00:03     ; 1.0                     ; 4850 MB             ; 00:00:03                           ;
; EDA Netlist Writer        ; 00:00:01     ; 1.0                     ; 4708 MB             ; 00:00:01                           ;
; Total                     ; 00:00:26     ; --                      ; --                  ; 00:00:37                           ;
+---------------------------+--------------+-------------------------+---------------------+------------------------------------+


+----------------------------------------------------------------------------------------+
; Flow OS Summary                                                                        ;
+---------------------------+------------------+-----------+------------+----------------+
; Module Name               ; Machine Hostname ; OS Name   ; OS Version ; Processor type ;
+---------------------------+------------------+-----------+------------+----------------+
; Analysis & Synthesis      ; DESKTOP-MVLIE0I  ; Windows 7 ; 6.2        ; x86_64         ;
; Fitter                    ; DESKTOP-MVLIE0I  ; Windows 7 ; 6.2        ; x86_64         ;
; Assembler                 ; DESKTOP-MVLIE0I  ; Windows 7 ; 6.2        ; x86_64         ;
; TimeQuest Timing Analyzer ; DESKTOP-MVLIE0I  ; Windows 7 ; 6.2        ; x86_64         ;
; EDA Netlist Writer        ; DESKTOP-MVLIE0I  ; Windows 7 ; 6.2        ; x86_64         ;
+---------------------------+------------------+-----------+------------+----------------+


------------
; Flow Log ;
------------
quartus_map --read_settings_files=on --write_settings_files=off traffic -c traffic
quartus_fit --read_settings_files=off --write_settings_files=off traffic -c traffic
quartus_asm --read_settings_files=off --write_settings_files=off traffic -c traffic
quartus_sta traffic -c traffic
quartus_eda --read_settings_files=off --write_settings_files=off traffic -c traffic



