


ARM Macro Assembler    Page 1 


    1 00000000         ;******************** (C) COPYRIGHT 2015 STMicroelectron
                       ics ********************
    2 00000000         ;* File Name          : startup_stm32f429xx.s
    3 00000000         ;* Author             : MCD Application Team
    4 00000000         ;* Version            : V1.3.2
    5 00000000         ;* Date               : 13-November-2015
    6 00000000         ;* Description        : STM32F429x devices vector table 
                       for MDK-ARM toolchain. 
    7 00000000         ;*                      This module performs:
    8 00000000         ;*                      - Set the initial SP
    9 00000000         ;*                      - Set the initial PC == Reset_Ha
                       ndler
   10 00000000         ;*                      - Set the vector table entries w
                       ith the exceptions ISR address
   11 00000000         ;*                      - Branches to __main in the C li
                       brary (which eventually
   12 00000000         ;*                        calls main()).
   13 00000000         ;*                      After Reset the CortexM4 process
                       or is in Thread mode,
   14 00000000         ;*                      priority is Privileged, and the 
                       Stack is set to Main.
   15 00000000         ;* <<< Use Configuration Wizard in Context Menu >>>   
   16 00000000         ;*******************************************************
                       ************************
   17 00000000         ; 
   18 00000000         ;* Redistribution and use in source and binary forms, wi
                       th or without modification,
   19 00000000         ;* are permitted provided that the following conditions 
                       are met:
   20 00000000         ;*   1. Redistributions of source code must retain the a
                       bove copyright notice,
   21 00000000         ;*      this list of conditions and the following discla
                       imer.
   22 00000000         ;*   2. Redistributions in binary form must reproduce th
                       e above copyright notice,
   23 00000000         ;*      this list of conditions and the following discla
                       imer in the documentation
   24 00000000         ;*      and/or other materials provided with the distrib
                       ution.
   25 00000000         ;*   3. Neither the name of STMicroelectronics nor the n
                       ames of its contributors
   26 00000000         ;*      may be used to endorse or promote products deriv
                       ed from this software
   27 00000000         ;*      without specific prior written permission.
   28 00000000         ;*
   29 00000000         ;* THIS SOFTWARE IS PROVIDED BY THE COPYRIGHT HOLDERS AN
                       D CONTRIBUTORS "AS IS"
   30 00000000         ;* AND ANY EXPRESS OR IMPLIED WARRANTIES, INCLUDING, BUT
                        NOT LIMITED TO, THE
   31 00000000         ;* IMPLIED WARRANTIES OF MERCHANTABILITY AND FITNESS FOR
                        A PARTICULAR PURPOSE ARE
   32 00000000         ;* DISCLAIMED. IN NO EVENT SHALL THE COPYRIGHT HOLDER OR
                        CONTRIBUTORS BE LIABLE
   33 00000000         ;* FOR ANY DIRECT, INDIRECT, INCIDENTAL, SPECIAL, EXEMPL
                       ARY, OR CONSEQUENTIAL
   34 00000000         ;* DAMAGES (INCLUDING, BUT NOT LIMITED TO, PROCUREMENT O
                       F SUBSTITUTE GOODS OR
   35 00000000         ;* SERVICES; LOSS OF USE, DATA, OR PROFITS; OR BUSINESS 
                       INTERRUPTION) HOWEVER



ARM Macro Assembler    Page 2 


   36 00000000         ;* CAUSED AND ON ANY THEORY OF LIABILITY, WHETHER IN CON
                       TRACT, STRICT LIABILITY,
   37 00000000         ;* OR TORT (INCLUDING NEGLIGENCE OR OTHERWISE) ARISING I
                       N ANY WAY OUT OF THE USE
   38 00000000         ;* OF THIS SOFTWARE, EVEN IF ADVISED OF THE POSSIBILITY 
                       OF SUCH DAMAGE.
   39 00000000         ; 
   40 00000000         ;*******************************************************
                       ************************
   41 00000000         
   42 00000000         ; Amount of memory (in bytes) allocated for Stack
   43 00000000         ; Tailor this value to your application needs
   44 00000000         ; <h> Stack Configuration
   45 00000000         ;   <o> Stack Size (in Bytes) <0x0-0xFFFFFFFF:8>
   46 00000000         ; </h>
   47 00000000         
   48 00000000 00000A00 
                       Stack_Size
                               EQU              0xA00       ;
   49 00000000         
   50 00000000                 AREA             STACK, NOINIT, READWRITE, ALIGN
=3
   51 00000000         Stack_Mem
                               SPACE            Stack_Size
   52 00000A00         __initial_sp
   53 00000A00         
   54 00000A00         
   55 00000A00         ; <h> Heap Configuration
   56 00000A00         ;   <o>  Heap Size (in Bytes) <0x0-0xFFFFFFFF:8>
   57 00000A00         ; </h>
   58 00000A00         
   59 00000A00 00000200 
                       Heap_Size
                               EQU              0x200       ;
   60 00000A00         
   61 00000A00                 AREA             HEAP, NOINIT, READWRITE, ALIGN=
3
   62 00000000         __heap_base
   63 00000000         Heap_Mem
                               SPACE            Heap_Size
   64 00000200         __heap_limit
   65 00000200         
   66 00000200                 PRESERVE8
   67 00000200                 THUMB
   68 00000200         
   69 00000200         
   70 00000200         ; Vector Table Mapped to Address 0 at Reset
   71 00000200                 AREA             RESET, DATA, READONLY
   72 00000000                 EXPORT           __Vectors
   73 00000000                 EXPORT           __Vectors_End
   74 00000000                 EXPORT           __Vectors_Size
   75 00000000         
   76 00000000 00000000 
                       __Vectors
                               DCD              __initial_sp ; Top of Stack
   77 00000004 00000000        DCD              Reset_Handler ; Reset Handler
   78 00000008 00000000        DCD              NMI_Handler ; NMI Handler
   79 0000000C 00000000        DCD              HardFault_Handler ; Hard Fault 
                                                            Handler



ARM Macro Assembler    Page 3 


   80 00000010 00000000        DCD              MemManage_Handler 
                                                            ; MPU Fault Handler
                                                            
   81 00000014 00000000        DCD              BusFault_Handler 
                                                            ; Bus Fault Handler
                                                            
   82 00000018 00000000        DCD              UsageFault_Handler ; Usage Faul
                                                            t Handler
   83 0000001C 00000000        DCD              0           ; Reserved
   84 00000020 00000000        DCD              0           ; Reserved
   85 00000024 00000000        DCD              0           ; Reserved
   86 00000028 00000000        DCD              0           ; Reserved
   87 0000002C 00000000        DCD              SVC_Handler ; SVCall Handler
   88 00000030 00000000        DCD              DebugMon_Handler ; Debug Monito
                                                            r Handler
   89 00000034 00000000        DCD              0           ; Reserved
   90 00000038 00000000        DCD              PendSV_Handler ; PendSV Handler
                                                            
   91 0000003C 00000000        DCD              SysTick_Handler 
                                                            ; SysTick Handler
   92 00000040         
   93 00000040         ; External Interrupts
   94 00000040 00000000        DCD              WWDG_IRQHandler ; Window WatchD
                                                            og                 
                                                                               
                                                                
   95 00000044 00000000        DCD              PVD_IRQHandler ; PVD through EX
                                                            TI Line detection  
                                                                               
                                                               
   96 00000048 00000000        DCD              TAMP_STAMP_IRQHandler ; Tamper 
                                                            and TimeStamps thro
                                                            ugh the EXTI line  
                                                                      
   97 0000004C 00000000        DCD              RTC_WKUP_IRQHandler ; RTC Wakeu
                                                            p through the EXTI 
                                                            line               
                                                                    
   98 00000050 00000000        DCD              FLASH_IRQHandler ; FLASH       
                                                                               
                                                                             
   99 00000054 00000000        DCD              RCC_IRQHandler ; RCC           
                                                                               
                                                                           
  100 00000058 00000000        DCD              EXTI0_IRQHandler ; EXTI Line0  
                                                                               
                                                                               
                                                                 
  101 0000005C 00000000        DCD              EXTI1_IRQHandler ; EXTI Line1  
                                                                               
                                                                               
                                                                 
  102 00000060 00000000        DCD              EXTI2_IRQHandler ; EXTI Line2  
                                                                               
                                                                               
                                                                 
  103 00000064 00000000        DCD              EXTI3_IRQHandler ; EXTI Line3  
                                                                               
                                                                               



ARM Macro Assembler    Page 4 


                                                                 
  104 00000068 00000000        DCD              EXTI4_IRQHandler ; EXTI Line4  
                                                                               
                                                                               
                                                                 
  105 0000006C 00000000        DCD              DMA1_Stream0_IRQHandler ; DMA1 
                                                            Stream 0           
                                                                               
                                                                 
  106 00000070 00000000        DCD              DMA1_Stream1_IRQHandler ; DMA1 
                                                            Stream 1           
                                                                               
                                                                 
  107 00000074 00000000        DCD              DMA1_Stream2_IRQHandler ; DMA1 
                                                            Stream 2           
                                                                               
                                                                 
  108 00000078 00000000        DCD              DMA1_Stream3_IRQHandler ; DMA1 
                                                            Stream 3           
                                                                               
                                                                 
  109 0000007C 00000000        DCD              DMA1_Stream4_IRQHandler ; DMA1 
                                                            Stream 4           
                                                                               
                                                                 
  110 00000080 00000000        DCD              DMA1_Stream5_IRQHandler ; DMA1 
                                                            Stream 5           
                                                                               
                                                                 
  111 00000084 00000000        DCD              DMA1_Stream6_IRQHandler ; DMA1 
                                                            Stream 6           
                                                                               
                                                                 
  112 00000088 00000000        DCD              ADC_IRQHandler ; ADC1, ADC2 and
                                                             ADC3s             
                                                                           
  113 0000008C 00000000        DCD              CAN1_TX_IRQHandler ; CAN1 TX   
                                                                               
                                                                               
                                                                   
  114 00000090 00000000        DCD              CAN1_RX0_IRQHandler ; CAN1 RX0 
                                                                               
                                                                               
                                                                    
  115 00000094 00000000        DCD              CAN1_RX1_IRQHandler ; CAN1 RX1 
                                                                               
                                                                               
                                                                    
  116 00000098 00000000        DCD              CAN1_SCE_IRQHandler ; CAN1 SCE 
                                                                               
                                                                               
                                                                    
  117 0000009C 00000000        DCD              EXTI9_5_IRQHandler ; External L
                                                            ine[9:5]s          
                                                                               
                                                                   
  118 000000A0 00000000        DCD              TIM1_BRK_TIM9_IRQHandler ; TIM1
                                                             Break and TIM9    
                                                                           



ARM Macro Assembler    Page 5 


  119 000000A4 00000000        DCD              TIM1_UP_TIM10_IRQHandler ; TIM1
                                                             Update and TIM10  
                                                                           
  120 000000A8 00000000        DCD              TIM1_TRG_COM_TIM11_IRQHandler ;
                                                             TIM1 Trigger and C
                                                            ommutation and TIM1
                                                            1
  121 000000AC 00000000        DCD              TIM1_CC_IRQHandler ; TIM1 Captu
                                                            re Compare         
                                                                               
                                                                   
  122 000000B0 00000000        DCD              TIM2_IRQHandler ; TIM2         
                                                                               
                                                                            
  123 000000B4 00000000        DCD              TIM3_IRQHandler ; TIM3         
                                                                               
                                                                            
  124 000000B8 00000000        DCD              TIM4_IRQHandler ; TIM4         
                                                                               
                                                                            
  125 000000BC 00000000        DCD              I2C1_EV_IRQHandler ; I2C1 Event
                                                                               
                                                                               
                                                                   
  126 000000C0 00000000        DCD              I2C1_ER_IRQHandler ; I2C1 Error
                                                                               
                                                                               
                                                                   
  127 000000C4 00000000        DCD              I2C2_EV_IRQHandler ; I2C2 Event
                                                                               
                                                                               
                                                                   
  128 000000C8 00000000        DCD              I2C2_ER_IRQHandler ; I2C2 Error
                                                                               
                                                                               
                                                                     
  129 000000CC 00000000        DCD              SPI1_IRQHandler ; SPI1         
                                                                               
                                                                            
  130 000000D0 00000000        DCD              SPI2_IRQHandler ; SPI2         
                                                                               
                                                                            
  131 000000D4 00000000        DCD              USART1_IRQHandler ; USART1     
                                                                               
                                                                              
  132 000000D8 00000000        DCD              USART2_IRQHandler ; USART2     
                                                                               
                                                                              
  133 000000DC 00000000        DCD              USART3_IRQHandler ; USART3     
                                                                               
                                                                              
  134 000000E0 00000000        DCD              EXTI15_10_IRQHandler ; External
                                                             Line[15:10]s      
                                                                               
                                                                     
  135 000000E4 00000000        DCD              RTC_Alarm_IRQHandler ; RTC Alar
                                                            m (A and B) through
                                                             EXTI Line         
                                                                     



ARM Macro Assembler    Page 6 


  136 000000E8 00000000        DCD              OTG_FS_WKUP_IRQHandler ; USB OT
                                                            G FS Wakeup through
                                                             EXTI line         
                                                                           
  137 000000EC 00000000        DCD              TIM8_BRK_TIM12_IRQHandler ; TIM
                                                            8 Break and TIM12  
                                                                            
  138 000000F0 00000000        DCD              TIM8_UP_TIM13_IRQHandler ; TIM8
                                                             Update and TIM13  
                                                                           
  139 000000F4 00000000        DCD              TIM8_TRG_COM_TIM14_IRQHandler ;
                                                             TIM8 Trigger and C
                                                            ommutation and TIM1
                                                            4
  140 000000F8 00000000        DCD              TIM8_CC_IRQHandler ; TIM8 Captu
                                                            re Compare         
                                                                               
                                                                   
  141 000000FC 00000000        DCD              DMA1_Stream7_IRQHandler ; DMA1 
                                                            Stream7            
                                                                               
                                                                        
  142 00000100 00000000        DCD              FMC_IRQHandler ; FMC           
                                                                               
                                                                           
  143 00000104 00000000        DCD              SDIO_IRQHandler ; SDIO         
                                                                               
                                                                            
  144 00000108 00000000        DCD              TIM5_IRQHandler ; TIM5         
                                                                               
                                                                            
  145 0000010C 00000000        DCD              SPI3_IRQHandler ; SPI3         
                                                                               
                                                                            
  146 00000110 00000000        DCD              UART4_IRQHandler ; UART4       
                                                                               
                                                                             
  147 00000114 00000000        DCD              UART5_IRQHandler ; UART5       
                                                                               
                                                                             
  148 00000118 00000000        DCD              TIM6_DAC_IRQHandler ; TIM6 and 
                                                            DAC1&2 underrun err
                                                            ors                
                                                               
  149 0000011C 00000000        DCD              TIM7_IRQHandler ; TIM7         
                                                                      
  150 00000120 00000000        DCD              DMA2_Stream0_IRQHandler ; DMA2 
                                                            Stream 0           
                                                                               
                                                                 
  151 00000124 00000000        DCD              DMA2_Stream1_IRQHandler ; DMA2 
                                                            Stream 1           
                                                                               
                                                                 
  152 00000128 00000000        DCD              DMA2_Stream2_IRQHandler ; DMA2 
                                                            Stream 2           
                                                                               
                                                                 
  153 0000012C 00000000        DCD              DMA2_Stream3_IRQHandler ; DMA2 



ARM Macro Assembler    Page 7 


                                                            Stream 3           
                                                                               
                                                                 
  154 00000130 00000000        DCD              DMA2_Stream4_IRQHandler ; DMA2 
                                                            Stream 4           
                                                                               
                                                                 
  155 00000134 00000000        DCD              ETH_IRQHandler ; Ethernet      
                                                                               
                                                                           
  156 00000138 00000000        DCD              ETH_WKUP_IRQHandler ; Ethernet 
                                                            Wakeup through EXTI
                                                             line              
                                                                    
  157 0000013C 00000000        DCD              CAN2_TX_IRQHandler ; CAN2 TX   
                                                                               
                                                                               
                                                                   
  158 00000140 00000000        DCD              CAN2_RX0_IRQHandler ; CAN2 RX0 
                                                                               
                                                                               
                                                                    
  159 00000144 00000000        DCD              CAN2_RX1_IRQHandler ; CAN2 RX1 
                                                                               
                                                                               
                                                                    
  160 00000148 00000000        DCD              CAN2_SCE_IRQHandler ; CAN2 SCE 
                                                                               
                                                                               
                                                                    
  161 0000014C 00000000        DCD              OTG_FS_IRQHandler ; USB OTG FS 
                                                                               
                                                                              
  162 00000150 00000000        DCD              DMA2_Stream5_IRQHandler ; DMA2 
                                                            Stream 5           
                                                                               
                                                                 
  163 00000154 00000000        DCD              DMA2_Stream6_IRQHandler ; DMA2 
                                                            Stream 6           
                                                                               
                                                                 
  164 00000158 00000000        DCD              DMA2_Stream7_IRQHandler ; DMA2 
                                                            Stream 7           
                                                                               
                                                                 
  165 0000015C 00000000        DCD              USART6_IRQHandler ; USART6     
                                                                               
                                                                               
                                                            
  166 00000160 00000000        DCD              I2C3_EV_IRQHandler ; I2C3 event
                                                                               
                                                                               
                                                                   
  167 00000164 00000000        DCD              I2C3_ER_IRQHandler ; I2C3 error
                                                                               
                                                                               
                                                                   
  168 00000168 00000000        DCD              OTG_HS_EP1_OUT_IRQHandler ; USB
                                                             OTG HS End Point 1



ARM Macro Assembler    Page 8 


                                                             Out               
                                                                   
  169 0000016C 00000000        DCD              OTG_HS_EP1_IN_IRQHandler ; USB 
                                                            OTG HS End Point 1 
                                                            In                 
                                                                  
  170 00000170 00000000        DCD              OTG_HS_WKUP_IRQHandler ; USB OT
                                                            G HS Wakeup through
                                                             EXTI              
                                                                       
  171 00000174 00000000        DCD              OTG_HS_IRQHandler ; USB OTG HS 
                                                                               
                                                                              
  172 00000178 00000000        DCD              DCMI_IRQHandler ; DCMI  
  173 0000017C 00000000        DCD              0           ; Reserved         
                                                                               
                                                                  
  174 00000180 00000000        DCD              HASH_RNG_IRQHandler 
                                                            ; Hash and Rng
  175 00000184 00000000        DCD              FPU_IRQHandler ; FPU
  176 00000188 00000000        DCD              UART7_IRQHandler ; UART7
  177 0000018C 00000000        DCD              UART8_IRQHandler ; UART8
  178 00000190 00000000        DCD              SPI4_IRQHandler ; SPI4
  179 00000194 00000000        DCD              SPI5_IRQHandler ; SPI5
  180 00000198 00000000        DCD              SPI6_IRQHandler ; SPI6
  181 0000019C 00000000        DCD              SAI1_IRQHandler ; SAI1
  182 000001A0 00000000        DCD              LTDC_IRQHandler ; LTDC
  183 000001A4 00000000        DCD              LTDC_ER_IRQHandler ; LTDC error
                                                            
  184 000001A8 00000000        DCD              DMA2D_IRQHandler ; DMA2D
  185 000001AC         
  186 000001AC         __Vectors_End
  187 000001AC         
  188 000001AC 000001AC 
                       __Vectors_Size
                               EQU              __Vectors_End - __Vectors
  189 000001AC         
  190 000001AC                 AREA             |.text|, CODE, READONLY
  191 00000000         
  192 00000000         ; Reset handler
  193 00000000         Reset_Handler
                               PROC
  194 00000000                 EXPORT           Reset_Handler             [WEAK
]
  195 00000000                 IMPORT           SystemInit
  196 00000000                 IMPORT           __main
  197 00000000         
  198 00000000 4811            LDR              R0, =SystemInit
  199 00000002 4780            BLX              R0
  200 00000004         
  201 00000004                 IF               {FPU} != "SoftVFP"
  202 00000004         ; Enable Floating Point Support at reset for FPU
  203 00000004 F8DF 0044       LDR.W            R0, =0xE000ED88 ; Load address 
                                                            of CPACR register
  204 00000008 6801            LDR              R1, [R0]    ; Read value at CPA
                                                            CR
  205 0000000A F441 0170       ORR              R1,  R1, #(0xF <<20) ; Set bits
                                                             20-23 to enable CP
                                                            10 and CP11 coproce



ARM Macro Assembler    Page 9 


                                                            ssors
  206 0000000E         ; Write back the modified CPACR value
  207 0000000E 6001            STR              R1, [R0]    ; Wait for store to
                                                             complete
  208 00000010 F3BF 8F4F       DSB
  209 00000014         
  210 00000014         ; Disable automatic FP register content
  211 00000014         ; Disable lazy context switch
  212 00000014 F8DF 0038       LDR.W            R0, =0xE000EF34 ; Load address 
                                                            to FPCCR register
  213 00000018 6801            LDR              R1, [R0]
  214 0000001A F021 4140       AND              R1,  R1, #(0x3FFFFFFF) ; Clear 
                                                            the LSPEN and ASPEN
                                                             bits
  215 0000001E 6001            STR              R1, [R0]
  216 00000020 F3BF 8F6F       ISB                          ; Reset pipeline no
                                                            w the FPU is enable
                                                            d
  217 00000024                 ENDIF
  218 00000024         
  219 00000024 480B            LDR              R0, =__main
  220 00000026 4700            BX               R0
  221 00000028                 ENDP
  222 00000028         
  223 00000028         ; Dummy Exception Handlers (infinite loops which can be 
                       modified)
  224 00000028         
  225 00000028         NMI_Handler
                               PROC
  226 00000028                 EXPORT           NMI_Handler                [WEA
K]
  227 00000028 E7FE            B                .
  228 0000002A                 ENDP
  230 0000002A         HardFault_Handler
                               PROC
  231 0000002A                 EXPORT           HardFault_Handler          [WEA
K]
  232 0000002A E7FE            B                .
  233 0000002C                 ENDP
  235 0000002C         MemManage_Handler
                               PROC
  236 0000002C                 EXPORT           MemManage_Handler          [WEA
K]
  237 0000002C E7FE            B                .
  238 0000002E                 ENDP
  240 0000002E         BusFault_Handler
                               PROC
  241 0000002E                 EXPORT           BusFault_Handler           [WEA
K]
  242 0000002E E7FE            B                .
  243 00000030                 ENDP
  245 00000030         UsageFault_Handler
                               PROC
  246 00000030                 EXPORT           UsageFault_Handler         [WEA
K]
  247 00000030 E7FE            B                .
  248 00000032                 ENDP
  249 00000032         SVC_Handler
                               PROC



ARM Macro Assembler    Page 10 


  250 00000032                 EXPORT           SVC_Handler                [WEA
K]
  251 00000032 E7FE            B                .
  252 00000034                 ENDP
  254 00000034         DebugMon_Handler
                               PROC
  255 00000034                 EXPORT           DebugMon_Handler           [WEA
K]
  256 00000034 E7FE            B                .
  257 00000036                 ENDP
  258 00000036         PendSV_Handler
                               PROC
  259 00000036                 EXPORT           PendSV_Handler             [WEA
K]
  260 00000036 E7FE            B                .
  261 00000038                 ENDP
  262 00000038         SysTick_Handler
                               PROC
  263 00000038                 EXPORT           SysTick_Handler            [WEA
K]
  264 00000038 E7FE            B                .
  265 0000003A                 ENDP
  266 0000003A         
  267 0000003A         Default_Handler
                               PROC
  268 0000003A         
  269 0000003A                 EXPORT           WWDG_IRQHandler                
   [WEAK]
  270 0000003A                 EXPORT           PVD_IRQHandler                 
   [WEAK]
  271 0000003A                 EXPORT           TAMP_STAMP_IRQHandler          
   [WEAK]
  272 0000003A                 EXPORT           RTC_WKUP_IRQHandler            
   [WEAK]
  273 0000003A                 EXPORT           FLASH_IRQHandler               
   [WEAK]
  274 0000003A                 EXPORT           RCC_IRQHandler                 
   [WEAK]
  275 0000003A                 EXPORT           EXTI0_IRQHandler               
   [WEAK]
  276 0000003A                 EXPORT           EXTI1_IRQHandler               
   [WEAK]
  277 0000003A                 EXPORT           EXTI2_IRQHandler               
   [WEAK]
  278 0000003A                 EXPORT           EXTI3_IRQHandler               
   [WEAK]
  279 0000003A                 EXPORT           EXTI4_IRQHandler               
   [WEAK]
  280 0000003A                 EXPORT           DMA1_Stream0_IRQHandler        
   [WEAK]
  281 0000003A                 EXPORT           DMA1_Stream1_IRQHandler        
   [WEAK]
  282 0000003A                 EXPORT           DMA1_Stream2_IRQHandler        
   [WEAK]
  283 0000003A                 EXPORT           DMA1_Stream3_IRQHandler        
   [WEAK]
  284 0000003A                 EXPORT           DMA1_Stream4_IRQHandler        
   [WEAK]
  285 0000003A                 EXPORT           DMA1_Stream5_IRQHandler        



ARM Macro Assembler    Page 11 


   [WEAK]
  286 0000003A                 EXPORT           DMA1_Stream6_IRQHandler        
   [WEAK]
  287 0000003A                 EXPORT           ADC_IRQHandler                 
   [WEAK]
  288 0000003A                 EXPORT           CAN1_TX_IRQHandler             
   [WEAK]
  289 0000003A                 EXPORT           CAN1_RX0_IRQHandler            
   [WEAK]
  290 0000003A                 EXPORT           CAN1_RX1_IRQHandler            
   [WEAK]
  291 0000003A                 EXPORT           CAN1_SCE_IRQHandler            
   [WEAK]
  292 0000003A                 EXPORT           EXTI9_5_IRQHandler             
   [WEAK]
  293 0000003A                 EXPORT           TIM1_BRK_TIM9_IRQHandler       
   [WEAK]
  294 0000003A                 EXPORT           TIM1_UP_TIM10_IRQHandler       
   [WEAK]
  295 0000003A                 EXPORT           TIM1_TRG_COM_TIM11_IRQHandler  
   [WEAK]
  296 0000003A                 EXPORT           TIM1_CC_IRQHandler             
   [WEAK]
  297 0000003A                 EXPORT           TIM2_IRQHandler                
   [WEAK]
  298 0000003A                 EXPORT           TIM3_IRQHandler                
   [WEAK]
  299 0000003A                 EXPORT           TIM4_IRQHandler                
   [WEAK]
  300 0000003A                 EXPORT           I2C1_EV_IRQHandler             
   [WEAK]
  301 0000003A                 EXPORT           I2C1_ER_IRQHandler             
   [WEAK]
  302 0000003A                 EXPORT           I2C2_EV_IRQHandler             
   [WEAK]
  303 0000003A                 EXPORT           I2C2_ER_IRQHandler             
   [WEAK]
  304 0000003A                 EXPORT           SPI1_IRQHandler                
   [WEAK]
  305 0000003A                 EXPORT           SPI2_IRQHandler                
   [WEAK]
  306 0000003A                 EXPORT           USART1_IRQHandler              
   [WEAK]
  307 0000003A                 EXPORT           USART2_IRQHandler              
   [WEAK]
  308 0000003A                 EXPORT           USART3_IRQHandler              
   [WEAK]
  309 0000003A                 EXPORT           EXTI15_10_IRQHandler           
   [WEAK]
  310 0000003A                 EXPORT           RTC_Alarm_IRQHandler           
   [WEAK]
  311 0000003A                 EXPORT           OTG_FS_WKUP_IRQHandler         
   [WEAK]
  312 0000003A                 EXPORT           TIM8_BRK_TIM12_IRQHandler      
   [WEAK]
  313 0000003A                 EXPORT           TIM8_UP_TIM13_IRQHandler       
   [WEAK]
  314 0000003A                 EXPORT           TIM8_TRG_COM_TIM14_IRQHandler  
   [WEAK]



ARM Macro Assembler    Page 12 


  315 0000003A                 EXPORT           TIM8_CC_IRQHandler             
   [WEAK]
  316 0000003A                 EXPORT           DMA1_Stream7_IRQHandler        
   [WEAK]
  317 0000003A                 EXPORT           FMC_IRQHandler                 
   [WEAK]
  318 0000003A                 EXPORT           SDIO_IRQHandler                
   [WEAK]
  319 0000003A                 EXPORT           TIM5_IRQHandler                
   [WEAK]
  320 0000003A                 EXPORT           SPI3_IRQHandler                
   [WEAK]
  321 0000003A                 EXPORT           UART4_IRQHandler               
   [WEAK]
  322 0000003A                 EXPORT           UART5_IRQHandler               
   [WEAK]
  323 0000003A                 EXPORT           TIM6_DAC_IRQHandler            
   [WEAK]
  324 0000003A                 EXPORT           TIM7_IRQHandler                
   [WEAK]
  325 0000003A                 EXPORT           DMA2_Stream0_IRQHandler        
   [WEAK]
  326 0000003A                 EXPORT           DMA2_Stream1_IRQHandler        
   [WEAK]
  327 0000003A                 EXPORT           DMA2_Stream2_IRQHandler        
   [WEAK]
  328 0000003A                 EXPORT           DMA2_Stream3_IRQHandler        
   [WEAK]
  329 0000003A                 EXPORT           DMA2_Stream4_IRQHandler        
   [WEAK]
  330 0000003A                 EXPORT           ETH_IRQHandler                 
   [WEAK]
  331 0000003A                 EXPORT           ETH_WKUP_IRQHandler            
   [WEAK]
  332 0000003A                 EXPORT           CAN2_TX_IRQHandler             
   [WEAK]
  333 0000003A                 EXPORT           CAN2_RX0_IRQHandler            
   [WEAK]
  334 0000003A                 EXPORT           CAN2_RX1_IRQHandler            
   [WEAK]
  335 0000003A                 EXPORT           CAN2_SCE_IRQHandler            
   [WEAK]
  336 0000003A                 EXPORT           OTG_FS_IRQHandler              
   [WEAK]
  337 0000003A                 EXPORT           DMA2_Stream5_IRQHandler        
   [WEAK]
  338 0000003A                 EXPORT           DMA2_Stream6_IRQHandler        
   [WEAK]
  339 0000003A                 EXPORT           DMA2_Stream7_IRQHandler        
   [WEAK]
  340 0000003A                 EXPORT           USART6_IRQHandler              
   [WEAK]
  341 0000003A                 EXPORT           I2C3_EV_IRQHandler             
   [WEAK]
  342 0000003A                 EXPORT           I2C3_ER_IRQHandler             
   [WEAK]
  343 0000003A                 EXPORT           OTG_HS_EP1_OUT_IRQHandler      
   [WEAK]
  344 0000003A                 EXPORT           OTG_HS_EP1_IN_IRQHandler       



ARM Macro Assembler    Page 13 


   [WEAK]
  345 0000003A                 EXPORT           OTG_HS_WKUP_IRQHandler         
   [WEAK]
  346 0000003A                 EXPORT           OTG_HS_IRQHandler              
   [WEAK]
  347 0000003A                 EXPORT           DCMI_IRQHandler                
   [WEAK]
  348 0000003A                 EXPORT           HASH_RNG_IRQHandler            
   [WEAK]
  349 0000003A                 EXPORT           FPU_IRQHandler                 
   [WEAK]
  350 0000003A                 EXPORT           UART7_IRQHandler               
   [WEAK]
  351 0000003A                 EXPORT           UART8_IRQHandler               
   [WEAK]
  352 0000003A                 EXPORT           SPI4_IRQHandler                
   [WEAK]
  353 0000003A                 EXPORT           SPI5_IRQHandler                
   [WEAK]
  354 0000003A                 EXPORT           SPI6_IRQHandler                
   [WEAK]
  355 0000003A                 EXPORT           SAI1_IRQHandler                
   [WEAK]
  356 0000003A                 EXPORT           LTDC_IRQHandler                
   [WEAK]
  357 0000003A                 EXPORT           LTDC_ER_IRQHandler             
   [WEAK]
  358 0000003A                 EXPORT           DMA2D_IRQHandler               
   [WEAK]
  359 0000003A         
  360 0000003A         WWDG_IRQHandler
  361 0000003A         PVD_IRQHandler
  362 0000003A         TAMP_STAMP_IRQHandler
  363 0000003A         RTC_WKUP_IRQHandler
  364 0000003A         FLASH_IRQHandler
  365 0000003A         RCC_IRQHandler
  366 0000003A         EXTI0_IRQHandler
  367 0000003A         EXTI1_IRQHandler
  368 0000003A         EXTI2_IRQHandler
  369 0000003A         EXTI3_IRQHandler
  370 0000003A         EXTI4_IRQHandler
  371 0000003A         DMA1_Stream0_IRQHandler
  372 0000003A         DMA1_Stream1_IRQHandler
  373 0000003A         DMA1_Stream2_IRQHandler
  374 0000003A         DMA1_Stream3_IRQHandler
  375 0000003A         DMA1_Stream4_IRQHandler
  376 0000003A         DMA1_Stream5_IRQHandler
  377 0000003A         DMA1_Stream6_IRQHandler
  378 0000003A         ADC_IRQHandler
  379 0000003A         CAN1_TX_IRQHandler
  380 0000003A         CAN1_RX0_IRQHandler
  381 0000003A         CAN1_RX1_IRQHandler
  382 0000003A         CAN1_SCE_IRQHandler
  383 0000003A         EXTI9_5_IRQHandler
  384 0000003A         TIM1_BRK_TIM9_IRQHandler
  385 0000003A         TIM1_UP_TIM10_IRQHandler
  386 0000003A         TIM1_TRG_COM_TIM11_IRQHandler
  387 0000003A         TIM1_CC_IRQHandler
  388 0000003A         TIM2_IRQHandler



ARM Macro Assembler    Page 14 


  389 0000003A         TIM3_IRQHandler
  390 0000003A         TIM4_IRQHandler
  391 0000003A         I2C1_EV_IRQHandler
  392 0000003A         I2C1_ER_IRQHandler
  393 0000003A         I2C2_EV_IRQHandler
  394 0000003A         I2C2_ER_IRQHandler
  395 0000003A         SPI1_IRQHandler
  396 0000003A         SPI2_IRQHandler
  397 0000003A         USART1_IRQHandler
  398 0000003A         USART2_IRQHandler
  399 0000003A         USART3_IRQHandler
  400 0000003A         EXTI15_10_IRQHandler
  401 0000003A         RTC_Alarm_IRQHandler
  402 0000003A         OTG_FS_WKUP_IRQHandler
  403 0000003A         TIM8_BRK_TIM12_IRQHandler
  404 0000003A         TIM8_UP_TIM13_IRQHandler
  405 0000003A         TIM8_TRG_COM_TIM14_IRQHandler
  406 0000003A         TIM8_CC_IRQHandler
  407 0000003A         DMA1_Stream7_IRQHandler
  408 0000003A         FMC_IRQHandler
  409 0000003A         SDIO_IRQHandler
  410 0000003A         TIM5_IRQHandler
  411 0000003A         SPI3_IRQHandler
  412 0000003A         UART4_IRQHandler
  413 0000003A         UART5_IRQHandler
  414 0000003A         TIM6_DAC_IRQHandler
  415 0000003A         TIM7_IRQHandler
  416 0000003A         DMA2_Stream0_IRQHandler
  417 0000003A         DMA2_Stream1_IRQHandler
  418 0000003A         DMA2_Stream2_IRQHandler
  419 0000003A         DMA2_Stream3_IRQHandler
  420 0000003A         DMA2_Stream4_IRQHandler
  421 0000003A         ETH_IRQHandler
  422 0000003A         ETH_WKUP_IRQHandler
  423 0000003A         CAN2_TX_IRQHandler
  424 0000003A         CAN2_RX0_IRQHandler
  425 0000003A         CAN2_RX1_IRQHandler
  426 0000003A         CAN2_SCE_IRQHandler
  427 0000003A         OTG_FS_IRQHandler
  428 0000003A         DMA2_Stream5_IRQHandler
  429 0000003A         DMA2_Stream6_IRQHandler
  430 0000003A         DMA2_Stream7_IRQHandler
  431 0000003A         USART6_IRQHandler
  432 0000003A         I2C3_EV_IRQHandler
  433 0000003A         I2C3_ER_IRQHandler
  434 0000003A         OTG_HS_EP1_OUT_IRQHandler
  435 0000003A         OTG_HS_EP1_IN_IRQHandler
  436 0000003A         OTG_HS_WKUP_IRQHandler
  437 0000003A         OTG_HS_IRQHandler
  438 0000003A         DCMI_IRQHandler
  439 0000003A         HASH_RNG_IRQHandler
  440 0000003A         FPU_IRQHandler
  441 0000003A         UART7_IRQHandler
  442 0000003A         UART8_IRQHandler
  443 0000003A         SPI4_IRQHandler
  444 0000003A         SPI5_IRQHandler
  445 0000003A         SPI6_IRQHandler
  446 0000003A         SAI1_IRQHandler
  447 0000003A         LTDC_IRQHandler



ARM Macro Assembler    Page 15 


  448 0000003A         LTDC_ER_IRQHandler
  449 0000003A         DMA2D_IRQHandler
  450 0000003A E7FE            B                .
  451 0000003C         
  452 0000003C                 ENDP
  453 0000003C         
  454 0000003C                 ALIGN
  455 0000003C         
  456 0000003C         ;*******************************************************
                       ************************
  457 0000003C         ; User Stack and Heap initialization
  458 0000003C         ;*******************************************************
                       ************************
  459 0000003C                 IF               :DEF:__MICROLIB
  466 0000003C         
  467 0000003C                 IMPORT           __use_two_region_memory
  468 0000003C                 EXPORT           __user_initial_stackheap
  469 0000003C         
  470 0000003C         __user_initial_stackheap
  471 0000003C         
  472 0000003C 4806            LDR              R0, =  Heap_Mem
  473 0000003E 4907            LDR              R1, =(Stack_Mem + Stack_Size)
  474 00000040 4A07            LDR              R2, = (Heap_Mem +  Heap_Size)
  475 00000042 4B08            LDR              R3, = Stack_Mem
  476 00000044 4770            BX               LR
  477 00000046         
  478 00000046 00 00           ALIGN
  479 00000048         
  480 00000048                 ENDIF
  481 00000048         
  482 00000048                 END
              00000000 
              E000ED88 
              E000EF34 
              00000000 
              00000000 
              00000A00 
              00000200 
              00000000 
Command Line: --debug --xref --diag_suppress=9931 --cpu=Cortex-M4.fp.sp --apcs=
interwork --depend=..\obj\startup_stm32f429xx.d -o..\obj\startup_stm32f429xx.o 
-I.\RTE\_STemWin_MCULCD -IE:\Keil_v5\ArmPacks\Keil\STM32F4xx_DFP\2.15.0\Drivers
\CMSIS\Device\ST\STM32F4xx\Include -IE:\Keil_v5\ARM\CMSIS\Include --predefine="
__EVAL SETA 1" --predefine="__UVISION_VERSION SETA 529" --predefine="STM32F429x
x SETA 1" --list=..\obj\startup_stm32f429xx.lst ..\CORE\startup_stm32f429xx.s



ARM Macro Assembler    Page 1 Alphabetic symbol ordering
Relocatable symbols

STACK 00000000

Symbol: STACK
   Definitions
      At line 50 in file ..\CORE\startup_stm32f429xx.s
   Uses
      None
Comment: STACK unused
Stack_Mem 00000000

Symbol: Stack_Mem
   Definitions
      At line 51 in file ..\CORE\startup_stm32f429xx.s
   Uses
      At line 473 in file ..\CORE\startup_stm32f429xx.s
      At line 475 in file ..\CORE\startup_stm32f429xx.s

__initial_sp 00000A00

Symbol: __initial_sp
   Definitions
      At line 52 in file ..\CORE\startup_stm32f429xx.s
   Uses
      At line 76 in file ..\CORE\startup_stm32f429xx.s
Comment: __initial_sp used once
3 symbols



ARM Macro Assembler    Page 1 Alphabetic symbol ordering
Relocatable symbols

HEAP 00000000

Symbol: HEAP
   Definitions
      At line 61 in file ..\CORE\startup_stm32f429xx.s
   Uses
      None
Comment: HEAP unused
Heap_Mem 00000000

Symbol: Heap_Mem
   Definitions
      At line 63 in file ..\CORE\startup_stm32f429xx.s
   Uses
      At line 472 in file ..\CORE\startup_stm32f429xx.s
      At line 474 in file ..\CORE\startup_stm32f429xx.s

__heap_base 00000000

Symbol: __heap_base
   Definitions
      At line 62 in file ..\CORE\startup_stm32f429xx.s
   Uses
      None
Comment: __heap_base unused
__heap_limit 00000200

Symbol: __heap_limit
   Definitions
      At line 64 in file ..\CORE\startup_stm32f429xx.s
   Uses
      None
Comment: __heap_limit unused
4 symbols



ARM Macro Assembler    Page 1 Alphabetic symbol ordering
Relocatable symbols

RESET 00000000

Symbol: RESET
   Definitions
      At line 71 in file ..\CORE\startup_stm32f429xx.s
   Uses
      None
Comment: RESET unused
__Vectors 00000000

Symbol: __Vectors
   Definitions
      At line 76 in file ..\CORE\startup_stm32f429xx.s
   Uses
      At line 72 in file ..\CORE\startup_stm32f429xx.s
      At line 188 in file ..\CORE\startup_stm32f429xx.s

__Vectors_End 000001AC

Symbol: __Vectors_End
   Definitions
      At line 186 in file ..\CORE\startup_stm32f429xx.s
   Uses
      At line 73 in file ..\CORE\startup_stm32f429xx.s
      At line 188 in file ..\CORE\startup_stm32f429xx.s

3 symbols



ARM Macro Assembler    Page 1 Alphabetic symbol ordering
Relocatable symbols

.text 00000000

Symbol: .text
   Definitions
      At line 190 in file ..\CORE\startup_stm32f429xx.s
   Uses
      None
Comment: .text unused
ADC_IRQHandler 0000003A

Symbol: ADC_IRQHandler
   Definitions
      At line 378 in file ..\CORE\startup_stm32f429xx.s
   Uses
      At line 112 in file ..\CORE\startup_stm32f429xx.s
      At line 287 in file ..\CORE\startup_stm32f429xx.s

BusFault_Handler 0000002E

Symbol: BusFault_Handler
   Definitions
      At line 240 in file ..\CORE\startup_stm32f429xx.s
   Uses
      At line 81 in file ..\CORE\startup_stm32f429xx.s
      At line 241 in file ..\CORE\startup_stm32f429xx.s

CAN1_RX0_IRQHandler 0000003A

Symbol: CAN1_RX0_IRQHandler
   Definitions
      At line 380 in file ..\CORE\startup_stm32f429xx.s
   Uses
      At line 114 in file ..\CORE\startup_stm32f429xx.s
      At line 289 in file ..\CORE\startup_stm32f429xx.s

CAN1_RX1_IRQHandler 0000003A

Symbol: CAN1_RX1_IRQHandler
   Definitions
      At line 381 in file ..\CORE\startup_stm32f429xx.s
   Uses
      At line 115 in file ..\CORE\startup_stm32f429xx.s
      At line 290 in file ..\CORE\startup_stm32f429xx.s

CAN1_SCE_IRQHandler 0000003A

Symbol: CAN1_SCE_IRQHandler
   Definitions
      At line 382 in file ..\CORE\startup_stm32f429xx.s
   Uses
      At line 116 in file ..\CORE\startup_stm32f429xx.s
      At line 291 in file ..\CORE\startup_stm32f429xx.s

CAN1_TX_IRQHandler 0000003A

Symbol: CAN1_TX_IRQHandler
   Definitions
      At line 379 in file ..\CORE\startup_stm32f429xx.s
   Uses



ARM Macro Assembler    Page 2 Alphabetic symbol ordering
Relocatable symbols

      At line 113 in file ..\CORE\startup_stm32f429xx.s
      At line 288 in file ..\CORE\startup_stm32f429xx.s

CAN2_RX0_IRQHandler 0000003A

Symbol: CAN2_RX0_IRQHandler
   Definitions
      At line 424 in file ..\CORE\startup_stm32f429xx.s
   Uses
      At line 158 in file ..\CORE\startup_stm32f429xx.s
      At line 333 in file ..\CORE\startup_stm32f429xx.s

CAN2_RX1_IRQHandler 0000003A

Symbol: CAN2_RX1_IRQHandler
   Definitions
      At line 425 in file ..\CORE\startup_stm32f429xx.s
   Uses
      At line 159 in file ..\CORE\startup_stm32f429xx.s
      At line 334 in file ..\CORE\startup_stm32f429xx.s

CAN2_SCE_IRQHandler 0000003A

Symbol: CAN2_SCE_IRQHandler
   Definitions
      At line 426 in file ..\CORE\startup_stm32f429xx.s
   Uses
      At line 160 in file ..\CORE\startup_stm32f429xx.s
      At line 335 in file ..\CORE\startup_stm32f429xx.s

CAN2_TX_IRQHandler 0000003A

Symbol: CAN2_TX_IRQHandler
   Definitions
      At line 423 in file ..\CORE\startup_stm32f429xx.s
   Uses
      At line 157 in file ..\CORE\startup_stm32f429xx.s
      At line 332 in file ..\CORE\startup_stm32f429xx.s

DCMI_IRQHandler 0000003A

Symbol: DCMI_IRQHandler
   Definitions
      At line 438 in file ..\CORE\startup_stm32f429xx.s
   Uses
      At line 172 in file ..\CORE\startup_stm32f429xx.s
      At line 347 in file ..\CORE\startup_stm32f429xx.s

DMA1_Stream0_IRQHandler 0000003A

Symbol: DMA1_Stream0_IRQHandler
   Definitions
      At line 371 in file ..\CORE\startup_stm32f429xx.s
   Uses
      At line 105 in file ..\CORE\startup_stm32f429xx.s
      At line 280 in file ..\CORE\startup_stm32f429xx.s

DMA1_Stream1_IRQHandler 0000003A




ARM Macro Assembler    Page 3 Alphabetic symbol ordering
Relocatable symbols

Symbol: DMA1_Stream1_IRQHandler
   Definitions
      At line 372 in file ..\CORE\startup_stm32f429xx.s
   Uses
      At line 106 in file ..\CORE\startup_stm32f429xx.s
      At line 281 in file ..\CORE\startup_stm32f429xx.s

DMA1_Stream2_IRQHandler 0000003A

Symbol: DMA1_Stream2_IRQHandler
   Definitions
      At line 373 in file ..\CORE\startup_stm32f429xx.s
   Uses
      At line 107 in file ..\CORE\startup_stm32f429xx.s
      At line 282 in file ..\CORE\startup_stm32f429xx.s

DMA1_Stream3_IRQHandler 0000003A

Symbol: DMA1_Stream3_IRQHandler
   Definitions
      At line 374 in file ..\CORE\startup_stm32f429xx.s
   Uses
      At line 108 in file ..\CORE\startup_stm32f429xx.s
      At line 283 in file ..\CORE\startup_stm32f429xx.s

DMA1_Stream4_IRQHandler 0000003A

Symbol: DMA1_Stream4_IRQHandler
   Definitions
      At line 375 in file ..\CORE\startup_stm32f429xx.s
   Uses
      At line 109 in file ..\CORE\startup_stm32f429xx.s
      At line 284 in file ..\CORE\startup_stm32f429xx.s

DMA1_Stream5_IRQHandler 0000003A

Symbol: DMA1_Stream5_IRQHandler
   Definitions
      At line 376 in file ..\CORE\startup_stm32f429xx.s
   Uses
      At line 110 in file ..\CORE\startup_stm32f429xx.s
      At line 285 in file ..\CORE\startup_stm32f429xx.s

DMA1_Stream6_IRQHandler 0000003A

Symbol: DMA1_Stream6_IRQHandler
   Definitions
      At line 377 in file ..\CORE\startup_stm32f429xx.s
   Uses
      At line 111 in file ..\CORE\startup_stm32f429xx.s
      At line 286 in file ..\CORE\startup_stm32f429xx.s

DMA1_Stream7_IRQHandler 0000003A

Symbol: DMA1_Stream7_IRQHandler
   Definitions
      At line 407 in file ..\CORE\startup_stm32f429xx.s
   Uses
      At line 141 in file ..\CORE\startup_stm32f429xx.s



ARM Macro Assembler    Page 4 Alphabetic symbol ordering
Relocatable symbols

      At line 316 in file ..\CORE\startup_stm32f429xx.s

DMA2D_IRQHandler 0000003A

Symbol: DMA2D_IRQHandler
   Definitions
      At line 449 in file ..\CORE\startup_stm32f429xx.s
   Uses
      At line 184 in file ..\CORE\startup_stm32f429xx.s
      At line 358 in file ..\CORE\startup_stm32f429xx.s

DMA2_Stream0_IRQHandler 0000003A

Symbol: DMA2_Stream0_IRQHandler
   Definitions
      At line 416 in file ..\CORE\startup_stm32f429xx.s
   Uses
      At line 150 in file ..\CORE\startup_stm32f429xx.s
      At line 325 in file ..\CORE\startup_stm32f429xx.s

DMA2_Stream1_IRQHandler 0000003A

Symbol: DMA2_Stream1_IRQHandler
   Definitions
      At line 417 in file ..\CORE\startup_stm32f429xx.s
   Uses
      At line 151 in file ..\CORE\startup_stm32f429xx.s
      At line 326 in file ..\CORE\startup_stm32f429xx.s

DMA2_Stream2_IRQHandler 0000003A

Symbol: DMA2_Stream2_IRQHandler
   Definitions
      At line 418 in file ..\CORE\startup_stm32f429xx.s
   Uses
      At line 152 in file ..\CORE\startup_stm32f429xx.s
      At line 327 in file ..\CORE\startup_stm32f429xx.s

DMA2_Stream3_IRQHandler 0000003A

Symbol: DMA2_Stream3_IRQHandler
   Definitions
      At line 419 in file ..\CORE\startup_stm32f429xx.s
   Uses
      At line 153 in file ..\CORE\startup_stm32f429xx.s
      At line 328 in file ..\CORE\startup_stm32f429xx.s

DMA2_Stream4_IRQHandler 0000003A

Symbol: DMA2_Stream4_IRQHandler
   Definitions
      At line 420 in file ..\CORE\startup_stm32f429xx.s
   Uses
      At line 154 in file ..\CORE\startup_stm32f429xx.s
      At line 329 in file ..\CORE\startup_stm32f429xx.s

DMA2_Stream5_IRQHandler 0000003A

Symbol: DMA2_Stream5_IRQHandler



ARM Macro Assembler    Page 5 Alphabetic symbol ordering
Relocatable symbols

   Definitions
      At line 428 in file ..\CORE\startup_stm32f429xx.s
   Uses
      At line 162 in file ..\CORE\startup_stm32f429xx.s
      At line 337 in file ..\CORE\startup_stm32f429xx.s

DMA2_Stream6_IRQHandler 0000003A

Symbol: DMA2_Stream6_IRQHandler
   Definitions
      At line 429 in file ..\CORE\startup_stm32f429xx.s
   Uses
      At line 163 in file ..\CORE\startup_stm32f429xx.s
      At line 338 in file ..\CORE\startup_stm32f429xx.s

DMA2_Stream7_IRQHandler 0000003A

Symbol: DMA2_Stream7_IRQHandler
   Definitions
      At line 430 in file ..\CORE\startup_stm32f429xx.s
   Uses
      At line 164 in file ..\CORE\startup_stm32f429xx.s
      At line 339 in file ..\CORE\startup_stm32f429xx.s

DebugMon_Handler 00000034

Symbol: DebugMon_Handler
   Definitions
      At line 254 in file ..\CORE\startup_stm32f429xx.s
   Uses
      At line 88 in file ..\CORE\startup_stm32f429xx.s
      At line 255 in file ..\CORE\startup_stm32f429xx.s

Default_Handler 0000003A

Symbol: Default_Handler
   Definitions
      At line 267 in file ..\CORE\startup_stm32f429xx.s
   Uses
      None
Comment: Default_Handler unused
ETH_IRQHandler 0000003A

Symbol: ETH_IRQHandler
   Definitions
      At line 421 in file ..\CORE\startup_stm32f429xx.s
   Uses
      At line 155 in file ..\CORE\startup_stm32f429xx.s
      At line 330 in file ..\CORE\startup_stm32f429xx.s

ETH_WKUP_IRQHandler 0000003A

Symbol: ETH_WKUP_IRQHandler
   Definitions
      At line 422 in file ..\CORE\startup_stm32f429xx.s
   Uses
      At line 156 in file ..\CORE\startup_stm32f429xx.s
      At line 331 in file ..\CORE\startup_stm32f429xx.s




ARM Macro Assembler    Page 6 Alphabetic symbol ordering
Relocatable symbols

EXTI0_IRQHandler 0000003A

Symbol: EXTI0_IRQHandler
   Definitions
      At line 366 in file ..\CORE\startup_stm32f429xx.s
   Uses
      At line 100 in file ..\CORE\startup_stm32f429xx.s
      At line 275 in file ..\CORE\startup_stm32f429xx.s

EXTI15_10_IRQHandler 0000003A

Symbol: EXTI15_10_IRQHandler
   Definitions
      At line 400 in file ..\CORE\startup_stm32f429xx.s
   Uses
      At line 134 in file ..\CORE\startup_stm32f429xx.s
      At line 309 in file ..\CORE\startup_stm32f429xx.s

EXTI1_IRQHandler 0000003A

Symbol: EXTI1_IRQHandler
   Definitions
      At line 367 in file ..\CORE\startup_stm32f429xx.s
   Uses
      At line 101 in file ..\CORE\startup_stm32f429xx.s
      At line 276 in file ..\CORE\startup_stm32f429xx.s

EXTI2_IRQHandler 0000003A

Symbol: EXTI2_IRQHandler
   Definitions
      At line 368 in file ..\CORE\startup_stm32f429xx.s
   Uses
      At line 102 in file ..\CORE\startup_stm32f429xx.s
      At line 277 in file ..\CORE\startup_stm32f429xx.s

EXTI3_IRQHandler 0000003A

Symbol: EXTI3_IRQHandler
   Definitions
      At line 369 in file ..\CORE\startup_stm32f429xx.s
   Uses
      At line 103 in file ..\CORE\startup_stm32f429xx.s
      At line 278 in file ..\CORE\startup_stm32f429xx.s

EXTI4_IRQHandler 0000003A

Symbol: EXTI4_IRQHandler
   Definitions
      At line 370 in file ..\CORE\startup_stm32f429xx.s
   Uses
      At line 104 in file ..\CORE\startup_stm32f429xx.s
      At line 279 in file ..\CORE\startup_stm32f429xx.s

EXTI9_5_IRQHandler 0000003A

Symbol: EXTI9_5_IRQHandler
   Definitions
      At line 383 in file ..\CORE\startup_stm32f429xx.s



ARM Macro Assembler    Page 7 Alphabetic symbol ordering
Relocatable symbols

   Uses
      At line 117 in file ..\CORE\startup_stm32f429xx.s
      At line 292 in file ..\CORE\startup_stm32f429xx.s

FLASH_IRQHandler 0000003A

Symbol: FLASH_IRQHandler
   Definitions
      At line 364 in file ..\CORE\startup_stm32f429xx.s
   Uses
      At line 98 in file ..\CORE\startup_stm32f429xx.s
      At line 273 in file ..\CORE\startup_stm32f429xx.s

FMC_IRQHandler 0000003A

Symbol: FMC_IRQHandler
   Definitions
      At line 408 in file ..\CORE\startup_stm32f429xx.s
   Uses
      At line 142 in file ..\CORE\startup_stm32f429xx.s
      At line 317 in file ..\CORE\startup_stm32f429xx.s

FPU_IRQHandler 0000003A

Symbol: FPU_IRQHandler
   Definitions
      At line 440 in file ..\CORE\startup_stm32f429xx.s
   Uses
      At line 175 in file ..\CORE\startup_stm32f429xx.s
      At line 349 in file ..\CORE\startup_stm32f429xx.s

HASH_RNG_IRQHandler 0000003A

Symbol: HASH_RNG_IRQHandler
   Definitions
      At line 439 in file ..\CORE\startup_stm32f429xx.s
   Uses
      At line 174 in file ..\CORE\startup_stm32f429xx.s
      At line 348 in file ..\CORE\startup_stm32f429xx.s

HardFault_Handler 0000002A

Symbol: HardFault_Handler
   Definitions
      At line 230 in file ..\CORE\startup_stm32f429xx.s
   Uses
      At line 79 in file ..\CORE\startup_stm32f429xx.s
      At line 231 in file ..\CORE\startup_stm32f429xx.s

I2C1_ER_IRQHandler 0000003A

Symbol: I2C1_ER_IRQHandler
   Definitions
      At line 392 in file ..\CORE\startup_stm32f429xx.s
   Uses
      At line 126 in file ..\CORE\startup_stm32f429xx.s
      At line 301 in file ..\CORE\startup_stm32f429xx.s

I2C1_EV_IRQHandler 0000003A



ARM Macro Assembler    Page 8 Alphabetic symbol ordering
Relocatable symbols


Symbol: I2C1_EV_IRQHandler
   Definitions
      At line 391 in file ..\CORE\startup_stm32f429xx.s
   Uses
      At line 125 in file ..\CORE\startup_stm32f429xx.s
      At line 300 in file ..\CORE\startup_stm32f429xx.s

I2C2_ER_IRQHandler 0000003A

Symbol: I2C2_ER_IRQHandler
   Definitions
      At line 394 in file ..\CORE\startup_stm32f429xx.s
   Uses
      At line 128 in file ..\CORE\startup_stm32f429xx.s
      At line 303 in file ..\CORE\startup_stm32f429xx.s

I2C2_EV_IRQHandler 0000003A

Symbol: I2C2_EV_IRQHandler
   Definitions
      At line 393 in file ..\CORE\startup_stm32f429xx.s
   Uses
      At line 127 in file ..\CORE\startup_stm32f429xx.s
      At line 302 in file ..\CORE\startup_stm32f429xx.s

I2C3_ER_IRQHandler 0000003A

Symbol: I2C3_ER_IRQHandler
   Definitions
      At line 433 in file ..\CORE\startup_stm32f429xx.s
   Uses
      At line 167 in file ..\CORE\startup_stm32f429xx.s
      At line 342 in file ..\CORE\startup_stm32f429xx.s

I2C3_EV_IRQHandler 0000003A

Symbol: I2C3_EV_IRQHandler
   Definitions
      At line 432 in file ..\CORE\startup_stm32f429xx.s
   Uses
      At line 166 in file ..\CORE\startup_stm32f429xx.s
      At line 341 in file ..\CORE\startup_stm32f429xx.s

LTDC_ER_IRQHandler 0000003A

Symbol: LTDC_ER_IRQHandler
   Definitions
      At line 448 in file ..\CORE\startup_stm32f429xx.s
   Uses
      At line 183 in file ..\CORE\startup_stm32f429xx.s
      At line 357 in file ..\CORE\startup_stm32f429xx.s

LTDC_IRQHandler 0000003A

Symbol: LTDC_IRQHandler
   Definitions
      At line 447 in file ..\CORE\startup_stm32f429xx.s
   Uses



ARM Macro Assembler    Page 9 Alphabetic symbol ordering
Relocatable symbols

      At line 182 in file ..\CORE\startup_stm32f429xx.s
      At line 356 in file ..\CORE\startup_stm32f429xx.s

MemManage_Handler 0000002C

Symbol: MemManage_Handler
   Definitions
      At line 235 in file ..\CORE\startup_stm32f429xx.s
   Uses
      At line 80 in file ..\CORE\startup_stm32f429xx.s
      At line 236 in file ..\CORE\startup_stm32f429xx.s

NMI_Handler 00000028

Symbol: NMI_Handler
   Definitions
      At line 225 in file ..\CORE\startup_stm32f429xx.s
   Uses
      At line 78 in file ..\CORE\startup_stm32f429xx.s
      At line 226 in file ..\CORE\startup_stm32f429xx.s

OTG_FS_IRQHandler 0000003A

Symbol: OTG_FS_IRQHandler
   Definitions
      At line 427 in file ..\CORE\startup_stm32f429xx.s
   Uses
      At line 161 in file ..\CORE\startup_stm32f429xx.s
      At line 336 in file ..\CORE\startup_stm32f429xx.s

OTG_FS_WKUP_IRQHandler 0000003A

Symbol: OTG_FS_WKUP_IRQHandler
   Definitions
      At line 402 in file ..\CORE\startup_stm32f429xx.s
   Uses
      At line 136 in file ..\CORE\startup_stm32f429xx.s
      At line 311 in file ..\CORE\startup_stm32f429xx.s

OTG_HS_EP1_IN_IRQHandler 0000003A

Symbol: OTG_HS_EP1_IN_IRQHandler
   Definitions
      At line 435 in file ..\CORE\startup_stm32f429xx.s
   Uses
      At line 169 in file ..\CORE\startup_stm32f429xx.s
      At line 344 in file ..\CORE\startup_stm32f429xx.s

OTG_HS_EP1_OUT_IRQHandler 0000003A

Symbol: OTG_HS_EP1_OUT_IRQHandler
   Definitions
      At line 434 in file ..\CORE\startup_stm32f429xx.s
   Uses
      At line 168 in file ..\CORE\startup_stm32f429xx.s
      At line 343 in file ..\CORE\startup_stm32f429xx.s

OTG_HS_IRQHandler 0000003A




ARM Macro Assembler    Page 10 Alphabetic symbol ordering
Relocatable symbols

Symbol: OTG_HS_IRQHandler
   Definitions
      At line 437 in file ..\CORE\startup_stm32f429xx.s
   Uses
      At line 171 in file ..\CORE\startup_stm32f429xx.s
      At line 346 in file ..\CORE\startup_stm32f429xx.s

OTG_HS_WKUP_IRQHandler 0000003A

Symbol: OTG_HS_WKUP_IRQHandler
   Definitions
      At line 436 in file ..\CORE\startup_stm32f429xx.s
   Uses
      At line 170 in file ..\CORE\startup_stm32f429xx.s
      At line 345 in file ..\CORE\startup_stm32f429xx.s

PVD_IRQHandler 0000003A

Symbol: PVD_IRQHandler
   Definitions
      At line 361 in file ..\CORE\startup_stm32f429xx.s
   Uses
      At line 95 in file ..\CORE\startup_stm32f429xx.s
      At line 270 in file ..\CORE\startup_stm32f429xx.s

PendSV_Handler 00000036

Symbol: PendSV_Handler
   Definitions
      At line 258 in file ..\CORE\startup_stm32f429xx.s
   Uses
      At line 90 in file ..\CORE\startup_stm32f429xx.s
      At line 259 in file ..\CORE\startup_stm32f429xx.s

RCC_IRQHandler 0000003A

Symbol: RCC_IRQHandler
   Definitions
      At line 365 in file ..\CORE\startup_stm32f429xx.s
   Uses
      At line 99 in file ..\CORE\startup_stm32f429xx.s
      At line 274 in file ..\CORE\startup_stm32f429xx.s

RTC_Alarm_IRQHandler 0000003A

Symbol: RTC_Alarm_IRQHandler
   Definitions
      At line 401 in file ..\CORE\startup_stm32f429xx.s
   Uses
      At line 135 in file ..\CORE\startup_stm32f429xx.s
      At line 310 in file ..\CORE\startup_stm32f429xx.s

RTC_WKUP_IRQHandler 0000003A

Symbol: RTC_WKUP_IRQHandler
   Definitions
      At line 363 in file ..\CORE\startup_stm32f429xx.s
   Uses
      At line 97 in file ..\CORE\startup_stm32f429xx.s



ARM Macro Assembler    Page 11 Alphabetic symbol ordering
Relocatable symbols

      At line 272 in file ..\CORE\startup_stm32f429xx.s

Reset_Handler 00000000

Symbol: Reset_Handler
   Definitions
      At line 193 in file ..\CORE\startup_stm32f429xx.s
   Uses
      At line 77 in file ..\CORE\startup_stm32f429xx.s
      At line 194 in file ..\CORE\startup_stm32f429xx.s

SAI1_IRQHandler 0000003A

Symbol: SAI1_IRQHandler
   Definitions
      At line 446 in file ..\CORE\startup_stm32f429xx.s
   Uses
      At line 181 in file ..\CORE\startup_stm32f429xx.s
      At line 355 in file ..\CORE\startup_stm32f429xx.s

SDIO_IRQHandler 0000003A

Symbol: SDIO_IRQHandler
   Definitions
      At line 409 in file ..\CORE\startup_stm32f429xx.s
   Uses
      At line 143 in file ..\CORE\startup_stm32f429xx.s
      At line 318 in file ..\CORE\startup_stm32f429xx.s

SPI1_IRQHandler 0000003A

Symbol: SPI1_IRQHandler
   Definitions
      At line 395 in file ..\CORE\startup_stm32f429xx.s
   Uses
      At line 129 in file ..\CORE\startup_stm32f429xx.s
      At line 304 in file ..\CORE\startup_stm32f429xx.s

SPI2_IRQHandler 0000003A

Symbol: SPI2_IRQHandler
   Definitions
      At line 396 in file ..\CORE\startup_stm32f429xx.s
   Uses
      At line 130 in file ..\CORE\startup_stm32f429xx.s
      At line 305 in file ..\CORE\startup_stm32f429xx.s

SPI3_IRQHandler 0000003A

Symbol: SPI3_IRQHandler
   Definitions
      At line 411 in file ..\CORE\startup_stm32f429xx.s
   Uses
      At line 145 in file ..\CORE\startup_stm32f429xx.s
      At line 320 in file ..\CORE\startup_stm32f429xx.s

SPI4_IRQHandler 0000003A

Symbol: SPI4_IRQHandler



ARM Macro Assembler    Page 12 Alphabetic symbol ordering
Relocatable symbols

   Definitions
      At line 443 in file ..\CORE\startup_stm32f429xx.s
   Uses
      At line 178 in file ..\CORE\startup_stm32f429xx.s
      At line 352 in file ..\CORE\startup_stm32f429xx.s

SPI5_IRQHandler 0000003A

Symbol: SPI5_IRQHandler
   Definitions
      At line 444 in file ..\CORE\startup_stm32f429xx.s
   Uses
      At line 179 in file ..\CORE\startup_stm32f429xx.s
      At line 353 in file ..\CORE\startup_stm32f429xx.s

SPI6_IRQHandler 0000003A

Symbol: SPI6_IRQHandler
   Definitions
      At line 445 in file ..\CORE\startup_stm32f429xx.s
   Uses
      At line 180 in file ..\CORE\startup_stm32f429xx.s
      At line 354 in file ..\CORE\startup_stm32f429xx.s

SVC_Handler 00000032

Symbol: SVC_Handler
   Definitions
      At line 249 in file ..\CORE\startup_stm32f429xx.s
   Uses
      At line 87 in file ..\CORE\startup_stm32f429xx.s
      At line 250 in file ..\CORE\startup_stm32f429xx.s

SysTick_Handler 00000038

Symbol: SysTick_Handler
   Definitions
      At line 262 in file ..\CORE\startup_stm32f429xx.s
   Uses
      At line 91 in file ..\CORE\startup_stm32f429xx.s
      At line 263 in file ..\CORE\startup_stm32f429xx.s

TAMP_STAMP_IRQHandler 0000003A

Symbol: TAMP_STAMP_IRQHandler
   Definitions
      At line 362 in file ..\CORE\startup_stm32f429xx.s
   Uses
      At line 96 in file ..\CORE\startup_stm32f429xx.s
      At line 271 in file ..\CORE\startup_stm32f429xx.s

TIM1_BRK_TIM9_IRQHandler 0000003A

Symbol: TIM1_BRK_TIM9_IRQHandler
   Definitions
      At line 384 in file ..\CORE\startup_stm32f429xx.s
   Uses
      At line 118 in file ..\CORE\startup_stm32f429xx.s
      At line 293 in file ..\CORE\startup_stm32f429xx.s



ARM Macro Assembler    Page 13 Alphabetic symbol ordering
Relocatable symbols


TIM1_CC_IRQHandler 0000003A

Symbol: TIM1_CC_IRQHandler
   Definitions
      At line 387 in file ..\CORE\startup_stm32f429xx.s
   Uses
      At line 121 in file ..\CORE\startup_stm32f429xx.s
      At line 296 in file ..\CORE\startup_stm32f429xx.s

TIM1_TRG_COM_TIM11_IRQHandler 0000003A

Symbol: TIM1_TRG_COM_TIM11_IRQHandler
   Definitions
      At line 386 in file ..\CORE\startup_stm32f429xx.s
   Uses
      At line 120 in file ..\CORE\startup_stm32f429xx.s
      At line 295 in file ..\CORE\startup_stm32f429xx.s

TIM1_UP_TIM10_IRQHandler 0000003A

Symbol: TIM1_UP_TIM10_IRQHandler
   Definitions
      At line 385 in file ..\CORE\startup_stm32f429xx.s
   Uses
      At line 119 in file ..\CORE\startup_stm32f429xx.s
      At line 294 in file ..\CORE\startup_stm32f429xx.s

TIM2_IRQHandler 0000003A

Symbol: TIM2_IRQHandler
   Definitions
      At line 388 in file ..\CORE\startup_stm32f429xx.s
   Uses
      At line 122 in file ..\CORE\startup_stm32f429xx.s
      At line 297 in file ..\CORE\startup_stm32f429xx.s

TIM3_IRQHandler 0000003A

Symbol: TIM3_IRQHandler
   Definitions
      At line 389 in file ..\CORE\startup_stm32f429xx.s
   Uses
      At line 123 in file ..\CORE\startup_stm32f429xx.s
      At line 298 in file ..\CORE\startup_stm32f429xx.s

TIM4_IRQHandler 0000003A

Symbol: TIM4_IRQHandler
   Definitions
      At line 390 in file ..\CORE\startup_stm32f429xx.s
   Uses
      At line 124 in file ..\CORE\startup_stm32f429xx.s
      At line 299 in file ..\CORE\startup_stm32f429xx.s

TIM5_IRQHandler 0000003A

Symbol: TIM5_IRQHandler
   Definitions



ARM Macro Assembler    Page 14 Alphabetic symbol ordering
Relocatable symbols

      At line 410 in file ..\CORE\startup_stm32f429xx.s
   Uses
      At line 144 in file ..\CORE\startup_stm32f429xx.s
      At line 319 in file ..\CORE\startup_stm32f429xx.s

TIM6_DAC_IRQHandler 0000003A

Symbol: TIM6_DAC_IRQHandler
   Definitions
      At line 414 in file ..\CORE\startup_stm32f429xx.s
   Uses
      At line 148 in file ..\CORE\startup_stm32f429xx.s
      At line 323 in file ..\CORE\startup_stm32f429xx.s

TIM7_IRQHandler 0000003A

Symbol: TIM7_IRQHandler
   Definitions
      At line 415 in file ..\CORE\startup_stm32f429xx.s
   Uses
      At line 149 in file ..\CORE\startup_stm32f429xx.s
      At line 324 in file ..\CORE\startup_stm32f429xx.s

TIM8_BRK_TIM12_IRQHandler 0000003A

Symbol: TIM8_BRK_TIM12_IRQHandler
   Definitions
      At line 403 in file ..\CORE\startup_stm32f429xx.s
   Uses
      At line 137 in file ..\CORE\startup_stm32f429xx.s
      At line 312 in file ..\CORE\startup_stm32f429xx.s

TIM8_CC_IRQHandler 0000003A

Symbol: TIM8_CC_IRQHandler
   Definitions
      At line 406 in file ..\CORE\startup_stm32f429xx.s
   Uses
      At line 140 in file ..\CORE\startup_stm32f429xx.s
      At line 315 in file ..\CORE\startup_stm32f429xx.s

TIM8_TRG_COM_TIM14_IRQHandler 0000003A

Symbol: TIM8_TRG_COM_TIM14_IRQHandler
   Definitions
      At line 405 in file ..\CORE\startup_stm32f429xx.s
   Uses
      At line 139 in file ..\CORE\startup_stm32f429xx.s
      At line 314 in file ..\CORE\startup_stm32f429xx.s

TIM8_UP_TIM13_IRQHandler 0000003A

Symbol: TIM8_UP_TIM13_IRQHandler
   Definitions
      At line 404 in file ..\CORE\startup_stm32f429xx.s
   Uses
      At line 138 in file ..\CORE\startup_stm32f429xx.s
      At line 313 in file ..\CORE\startup_stm32f429xx.s




ARM Macro Assembler    Page 15 Alphabetic symbol ordering
Relocatable symbols

UART4_IRQHandler 0000003A

Symbol: UART4_IRQHandler
   Definitions
      At line 412 in file ..\CORE\startup_stm32f429xx.s
   Uses
      At line 146 in file ..\CORE\startup_stm32f429xx.s
      At line 321 in file ..\CORE\startup_stm32f429xx.s

UART5_IRQHandler 0000003A

Symbol: UART5_IRQHandler
   Definitions
      At line 413 in file ..\CORE\startup_stm32f429xx.s
   Uses
      At line 147 in file ..\CORE\startup_stm32f429xx.s
      At line 322 in file ..\CORE\startup_stm32f429xx.s

UART7_IRQHandler 0000003A

Symbol: UART7_IRQHandler
   Definitions
      At line 441 in file ..\CORE\startup_stm32f429xx.s
   Uses
      At line 176 in file ..\CORE\startup_stm32f429xx.s
      At line 350 in file ..\CORE\startup_stm32f429xx.s

UART8_IRQHandler 0000003A

Symbol: UART8_IRQHandler
   Definitions
      At line 442 in file ..\CORE\startup_stm32f429xx.s
   Uses
      At line 177 in file ..\CORE\startup_stm32f429xx.s
      At line 351 in file ..\CORE\startup_stm32f429xx.s

USART1_IRQHandler 0000003A

Symbol: USART1_IRQHandler
   Definitions
      At line 397 in file ..\CORE\startup_stm32f429xx.s
   Uses
      At line 131 in file ..\CORE\startup_stm32f429xx.s
      At line 306 in file ..\CORE\startup_stm32f429xx.s

USART2_IRQHandler 0000003A

Symbol: USART2_IRQHandler
   Definitions
      At line 398 in file ..\CORE\startup_stm32f429xx.s
   Uses
      At line 132 in file ..\CORE\startup_stm32f429xx.s
      At line 307 in file ..\CORE\startup_stm32f429xx.s

USART3_IRQHandler 0000003A

Symbol: USART3_IRQHandler
   Definitions
      At line 399 in file ..\CORE\startup_stm32f429xx.s



ARM Macro Assembler    Page 16 Alphabetic symbol ordering
Relocatable symbols

   Uses
      At line 133 in file ..\CORE\startup_stm32f429xx.s
      At line 308 in file ..\CORE\startup_stm32f429xx.s

USART6_IRQHandler 0000003A

Symbol: USART6_IRQHandler
   Definitions
      At line 431 in file ..\CORE\startup_stm32f429xx.s
   Uses
      At line 165 in file ..\CORE\startup_stm32f429xx.s
      At line 340 in file ..\CORE\startup_stm32f429xx.s

UsageFault_Handler 00000030

Symbol: UsageFault_Handler
   Definitions
      At line 245 in file ..\CORE\startup_stm32f429xx.s
   Uses
      At line 82 in file ..\CORE\startup_stm32f429xx.s
      At line 246 in file ..\CORE\startup_stm32f429xx.s

WWDG_IRQHandler 0000003A

Symbol: WWDG_IRQHandler
   Definitions
      At line 360 in file ..\CORE\startup_stm32f429xx.s
   Uses
      At line 94 in file ..\CORE\startup_stm32f429xx.s
      At line 269 in file ..\CORE\startup_stm32f429xx.s

__user_initial_stackheap 0000003C

Symbol: __user_initial_stackheap
   Definitions
      At line 470 in file ..\CORE\startup_stm32f429xx.s
   Uses
      At line 468 in file ..\CORE\startup_stm32f429xx.s
Comment: __user_initial_stackheap used once
103 symbols



ARM Macro Assembler    Page 1 Alphabetic symbol ordering
Absolute symbols

Heap_Size 00000200

Symbol: Heap_Size
   Definitions
      At line 59 in file ..\CORE\startup_stm32f429xx.s
   Uses
      At line 63 in file ..\CORE\startup_stm32f429xx.s
      At line 474 in file ..\CORE\startup_stm32f429xx.s

Stack_Size 00000A00

Symbol: Stack_Size
   Definitions
      At line 48 in file ..\CORE\startup_stm32f429xx.s
   Uses
      At line 51 in file ..\CORE\startup_stm32f429xx.s
      At line 473 in file ..\CORE\startup_stm32f429xx.s

__Vectors_Size 000001AC

Symbol: __Vectors_Size
   Definitions
      At line 188 in file ..\CORE\startup_stm32f429xx.s
   Uses
      At line 74 in file ..\CORE\startup_stm32f429xx.s
Comment: __Vectors_Size used once
3 symbols



ARM Macro Assembler    Page 1 Alphabetic symbol ordering
External symbols

SystemInit 00000000

Symbol: SystemInit
   Definitions
      At line 195 in file ..\CORE\startup_stm32f429xx.s
   Uses
      At line 198 in file ..\CORE\startup_stm32f429xx.s
Comment: SystemInit used once
__main 00000000

Symbol: __main
   Definitions
      At line 196 in file ..\CORE\startup_stm32f429xx.s
   Uses
      At line 219 in file ..\CORE\startup_stm32f429xx.s
Comment: __main used once
__use_two_region_memory 00000000

Symbol: __use_two_region_memory
   Definitions
      At line 467 in file ..\CORE\startup_stm32f429xx.s
   Uses
      None
Comment: __use_two_region_memory unused
3 symbols
457 symbols in table
