Analysis & Synthesis report for add
Tue Jul 14 14:01:07 2020
Quartus II 64-Bit Version 15.0.0 Build 145 04/22/2015 SJ Full Version


---------------------
; Table of Contents ;
---------------------
  1. Legal Notice
  2. Analysis & Synthesis Summary
  3. Analysis & Synthesis Settings
  4. Parallel Compilation
  5. Analysis & Synthesis Source Files Read
  6. Analysis & Synthesis Resource Usage Summary
  7. Analysis & Synthesis Resource Utilization by Entity
  8. Analysis & Synthesis RAM Summary
  9. Analysis & Synthesis IP Cores Summary
 10. General Register Statistics
 11. Multiplexer Restructuring Statistics (Restructuring Performed)
 12. Source assignments for afg:inst4|altsyncram:altsyncram_component|altsyncram_49r3:auto_generated
 13. Source assignments for sin:inst6|altsyncram:altsyncram_component|altsyncram_v6r3:auto_generated
 14. Source assignments for tribo:inst7|altsyncram:altsyncram_component|altsyncram_5ar3:auto_generated
 15. Parameter Settings for User Entity Instance: afg:inst4|altsyncram:altsyncram_component
 16. Parameter Settings for User Entity Instance: sin:inst6|altsyncram:altsyncram_component
 17. Parameter Settings for User Entity Instance: tribo:inst7|altsyncram:altsyncram_component
 18. altsyncram Parameter Settings by Entity Instance
 19. Post-Synthesis Netlist Statistics for Top Partition
 20. Elapsed Time Per Partition
 21. Analysis & Synthesis Messages



----------------
; Legal Notice ;
----------------
Copyright (C) 1991-2015 Altera Corporation. All rights reserved.
Your use of Altera Corporation's design tools, logic functions 
and other software and tools, and its AMPP partner logic 
functions, and any output files from any of the foregoing 
(including device programming or simulation files), and any 
associated documentation or information are expressly subject 
to the terms and conditions of the Altera Program License 
Subscription Agreement, the Altera Quartus II License Agreement,
the Altera MegaCore Function License Agreement, or other 
applicable license agreement, including, without limitation, 
that your use is for the sole purpose of programming logic 
devices manufactured by Altera and sold by Altera or its 
authorized distributors.  Please refer to the applicable 
agreement for further details.



+----------------------------------------------------------------------------------+
; Analysis & Synthesis Summary                                                     ;
+------------------------------------+---------------------------------------------+
; Analysis & Synthesis Status        ; Successful - Tue Jul 14 14:01:07 2020       ;
; Quartus II 64-Bit Version          ; 15.0.0 Build 145 04/22/2015 SJ Full Version ;
; Revision Name                      ; add                                         ;
; Top-level Entity Name              ; add                                         ;
; Family                             ; Cyclone IV E                                ;
; Total logic elements               ; 111                                         ;
;     Total combinational functions  ; 110                                         ;
;     Dedicated logic registers      ; 38                                          ;
; Total registers                    ; 38                                          ;
; Total pins                         ; 27                                          ;
; Total virtual pins                 ; 0                                           ;
; Total memory bits                  ; 6,144                                       ;
; Embedded Multiplier 9-bit elements ; 0                                           ;
; Total PLLs                         ; 0                                           ;
+------------------------------------+---------------------------------------------+


+----------------------------------------------------------------------------------------------------------------------+
; Analysis & Synthesis Settings                                                                                        ;
+----------------------------------------------------------------------------+--------------------+--------------------+
; Option                                                                     ; Setting            ; Default Value      ;
+----------------------------------------------------------------------------+--------------------+--------------------+
; Device                                                                     ; EP4CE6E22C8        ;                    ;
; Top-level entity name                                                      ; add                ; add                ;
; Family name                                                                ; Cyclone IV E       ; Cyclone V          ;
; Use smart compilation                                                      ; Off                ; Off                ;
; Enable parallel Assembler and TimeQuest Timing Analyzer during compilation ; On                 ; On                 ;
; Enable compact report table                                                ; Off                ; Off                ;
; Restructure Multiplexers                                                   ; Auto               ; Auto               ;
; Create Debugging Nodes for IP Cores                                        ; Off                ; Off                ;
; Preserve fewer node names                                                  ; On                 ; On                 ;
; Disable OpenCore Plus hardware evaluation                                  ; Off                ; Off                ;
; Verilog Version                                                            ; Verilog_2001       ; Verilog_2001       ;
; VHDL Version                                                               ; VHDL_1993          ; VHDL_1993          ;
; State Machine Processing                                                   ; Auto               ; Auto               ;
; Safe State Machine                                                         ; Off                ; Off                ;
; Extract Verilog State Machines                                             ; On                 ; On                 ;
; Extract VHDL State Machines                                                ; On                 ; On                 ;
; Ignore Verilog initial constructs                                          ; Off                ; Off                ;
; Iteration limit for constant Verilog loops                                 ; 5000               ; 5000               ;
; Iteration limit for non-constant Verilog loops                             ; 250                ; 250                ;
; Add Pass-Through Logic to Inferred RAMs                                    ; On                 ; On                 ;
; Infer RAMs from Raw Logic                                                  ; On                 ; On                 ;
; Parallel Synthesis                                                         ; On                 ; On                 ;
; DSP Block Balancing                                                        ; Auto               ; Auto               ;
; NOT Gate Push-Back                                                         ; On                 ; On                 ;
; Power-Up Don't Care                                                        ; On                 ; On                 ;
; Remove Redundant Logic Cells                                               ; Off                ; Off                ;
; Remove Duplicate Registers                                                 ; On                 ; On                 ;
; Ignore CARRY Buffers                                                       ; Off                ; Off                ;
; Ignore CASCADE Buffers                                                     ; Off                ; Off                ;
; Ignore GLOBAL Buffers                                                      ; Off                ; Off                ;
; Ignore ROW GLOBAL Buffers                                                  ; Off                ; Off                ;
; Ignore LCELL Buffers                                                       ; Off                ; Off                ;
; Ignore SOFT Buffers                                                        ; On                 ; On                 ;
; Limit AHDL Integers to 32 Bits                                             ; Off                ; Off                ;
; Optimization Technique                                                     ; Balanced           ; Balanced           ;
; Carry Chain Length                                                         ; 70                 ; 70                 ;
; Auto Carry Chains                                                          ; On                 ; On                 ;
; Auto Open-Drain Pins                                                       ; On                 ; On                 ;
; Perform WYSIWYG Primitive Resynthesis                                      ; Off                ; Off                ;
; Auto ROM Replacement                                                       ; On                 ; On                 ;
; Auto RAM Replacement                                                       ; On                 ; On                 ;
; Auto DSP Block Replacement                                                 ; On                 ; On                 ;
; Auto Shift Register Replacement                                            ; Auto               ; Auto               ;
; Allow Shift Register Merging across Hierarchies                            ; Auto               ; Auto               ;
; Auto Clock Enable Replacement                                              ; On                 ; On                 ;
; Strict RAM Replacement                                                     ; Off                ; Off                ;
; Allow Synchronous Control Signals                                          ; On                 ; On                 ;
; Force Use of Synchronous Clear Signals                                     ; Off                ; Off                ;
; Auto RAM Block Balancing                                                   ; On                 ; On                 ;
; Auto RAM to Logic Cell Conversion                                          ; Off                ; Off                ;
; Auto Resource Sharing                                                      ; Off                ; Off                ;
; Allow Any RAM Size For Recognition                                         ; Off                ; Off                ;
; Allow Any ROM Size For Recognition                                         ; Off                ; Off                ;
; Allow Any Shift Register Size For Recognition                              ; Off                ; Off                ;
; Use LogicLock Constraints during Resource Balancing                        ; On                 ; On                 ;
; Ignore translate_off and synthesis_off directives                          ; Off                ; Off                ;
; Timing-Driven Synthesis                                                    ; On                 ; On                 ;
; Report Parameter Settings                                                  ; On                 ; On                 ;
; Report Source Assignments                                                  ; On                 ; On                 ;
; Report Connectivity Checks                                                 ; On                 ; On                 ;
; Ignore Maximum Fan-Out Assignments                                         ; Off                ; Off                ;
; Synchronization Register Chain Length                                      ; 2                  ; 2                  ;
; PowerPlay Power Optimization During Synthesis                              ; Normal compilation ; Normal compilation ;
; HDL message level                                                          ; Level2             ; Level2             ;
; Suppress Register Optimization Related Messages                            ; Off                ; Off                ;
; Number of Removed Registers Reported in Synthesis Report                   ; 5000               ; 5000               ;
; Number of Swept Nodes Reported in Synthesis Report                         ; 5000               ; 5000               ;
; Number of Inverted Registers Reported in Synthesis Report                  ; 100                ; 100                ;
; Clock MUX Protection                                                       ; On                 ; On                 ;
; Auto Gated Clock Conversion                                                ; Off                ; Off                ;
; Block Design Naming                                                        ; Auto               ; Auto               ;
; SDC constraint protection                                                  ; Off                ; Off                ;
; Synthesis Effort                                                           ; Auto               ; Auto               ;
; Shift Register Replacement - Allow Asynchronous Clear Signal               ; On                 ; On                 ;
; Pre-Mapping Resynthesis Optimization                                       ; Off                ; Off                ;
; Analysis & Synthesis Message Level                                         ; Medium             ; Medium             ;
; Disable Register Merging Across Hierarchies                                ; Auto               ; Auto               ;
; Resource Aware Inference For Block RAM                                     ; On                 ; On                 ;
; Synthesis Seed                                                             ; 1                  ; 1                  ;
+----------------------------------------------------------------------------+--------------------+--------------------+


+------------------------------------------+
; Parallel Compilation                     ;
+----------------------------+-------------+
; Processors                 ; Number      ;
+----------------------------+-------------+
; Number detected on machine ; 4           ;
; Maximum allowed            ; 4           ;
;                            ;             ;
; Average used               ; 1.00        ;
; Maximum used               ; 2           ;
;                            ;             ;
; Usage by Processor         ; % Time Used ;
;     Processor 1            ; 100.0%      ;
;     Processor 2            ; < 0.1%      ;
;     Processors 3-4         ;   0.0%      ;
+----------------------------+-------------+


+------------------------------------------------------------------------------------------------------------------------------------------------------------------------------+
; Analysis & Synthesis Source Files Read                                                                                                                                       ;
+----------------------------------+-----------------+----------------------------------------+----------------------------------------------------------------------+---------+
; File Name with User-Entered Path ; Used in Netlist ; File Type                              ; File Name with Absolute Path                                         ; Library ;
+----------------------------------+-----------------+----------------------------------------+----------------------------------------------------------------------+---------+
; control.vhd                      ; yes             ; User VHDL File                         ; E:/altera/15.0/Project/add/control.vhd                               ;         ;
; chose.vhd                        ; yes             ; User VHDL File                         ; E:/altera/15.0/Project/add/chose.vhd                                 ;         ;
; phase_acc.vhd                    ; yes             ; User VHDL File                         ; E:/altera/15.0/Project/add/phase_acc.vhd                             ;         ;
; sin.vhd                          ; yes             ; User Wizard-Generated File             ; E:/altera/15.0/Project/add/sin.vhd                                   ;         ;
; afg.vhd                          ; yes             ; User Wizard-Generated File             ; E:/altera/15.0/Project/add/afg.vhd                                   ;         ;
; tribo.vhd                        ; yes             ; User Wizard-Generated File             ; E:/altera/15.0/Project/add/tribo.vhd                                 ;         ;
; add.bdf                          ; yes             ; User Block Diagram/Schematic File      ; E:/altera/15.0/Project/add/add.bdf                                   ;         ;
; altsyncram.tdf                   ; yes             ; Megafunction                           ; e:/altera/15.0/quartus/libraries/megafunctions/altsyncram.tdf        ;         ;
; stratix_ram_block.inc            ; yes             ; Megafunction                           ; e:/altera/15.0/quartus/libraries/megafunctions/stratix_ram_block.inc ;         ;
; lpm_mux.inc                      ; yes             ; Megafunction                           ; e:/altera/15.0/quartus/libraries/megafunctions/lpm_mux.inc           ;         ;
; lpm_decode.inc                   ; yes             ; Megafunction                           ; e:/altera/15.0/quartus/libraries/megafunctions/lpm_decode.inc        ;         ;
; aglobal150.inc                   ; yes             ; Megafunction                           ; e:/altera/15.0/quartus/libraries/megafunctions/aglobal150.inc        ;         ;
; a_rdenreg.inc                    ; yes             ; Megafunction                           ; e:/altera/15.0/quartus/libraries/megafunctions/a_rdenreg.inc         ;         ;
; altrom.inc                       ; yes             ; Megafunction                           ; e:/altera/15.0/quartus/libraries/megafunctions/altrom.inc            ;         ;
; altram.inc                       ; yes             ; Megafunction                           ; e:/altera/15.0/quartus/libraries/megafunctions/altram.inc            ;         ;
; altdpram.inc                     ; yes             ; Megafunction                           ; e:/altera/15.0/quartus/libraries/megafunctions/altdpram.inc          ;         ;
; db/altsyncram_49r3.tdf           ; yes             ; Auto-Generated Megafunction            ; E:/altera/15.0/Project/add/db/altsyncram_49r3.tdf                    ;         ;
; afgdata.hex                      ; yes             ; Auto-Found Memory Initialization File  ; E:/altera/15.0/Project/add/afgdata.hex                               ;         ;
; db/altsyncram_v6r3.tdf           ; yes             ; Auto-Generated Megafunction            ; E:/altera/15.0/Project/add/db/altsyncram_v6r3.tdf                    ;         ;
; sindat.hex                       ; yes             ; Auto-Found Memory Initialization File  ; E:/altera/15.0/Project/add/sindat.hex                                ;         ;
; db/altsyncram_5ar3.tdf           ; yes             ; Auto-Generated Megafunction            ; E:/altera/15.0/Project/add/db/altsyncram_5ar3.tdf                    ;         ;
; tridata.hex                      ; yes             ; Auto-Found Memory Initialization File  ; E:/altera/15.0/Project/add/tridata.hex                               ;         ;
+----------------------------------+-----------------+----------------------------------------+----------------------------------------------------------------------+---------+


+---------------------------------------------------------+
; Analysis & Synthesis Resource Usage Summary             ;
+---------------------------------------------+-----------+
; Resource                                    ; Usage     ;
+---------------------------------------------+-----------+
; Estimated Total logic elements              ; 111       ;
;                                             ;           ;
; Total combinational functions               ; 110       ;
; Logic element usage by number of LUT inputs ;           ;
;     -- 4 input functions                    ; 41        ;
;     -- 3 input functions                    ; 43        ;
;     -- <=2 input functions                  ; 26        ;
;                                             ;           ;
; Logic elements by mode                      ;           ;
;     -- normal mode                          ; 75        ;
;     -- arithmetic mode                      ; 35        ;
;                                             ;           ;
; Total registers                             ; 38        ;
;     -- Dedicated logic registers            ; 38        ;
;     -- I/O registers                        ; 0         ;
;                                             ;           ;
; I/O pins                                    ; 27        ;
; Total memory bits                           ; 6144      ;
;                                             ;           ;
; Embedded Multiplier 9-bit elements          ; 0         ;
;                                             ;           ;
; Maximum fan-out node                        ; CLK~input ;
; Maximum fan-out                             ; 58        ;
; Total fan-out                               ; 684       ;
; Average fan-out                             ; 3.03      ;
+---------------------------------------------+-----------+


+--------------------------------------------------------------------------------------------------------------------------------------------------------------------------------------------------------------------------------------------------------+
; Analysis & Synthesis Resource Utilization by Entity                                                                                                                                                                                                    ;
+-------------------------------------------+-------------------+--------------+-------------+--------------+---------+-----------+------+--------------+---------------------------------------------------------------------------------+--------------+
; Compilation Hierarchy Node                ; LC Combinationals ; LC Registers ; Memory Bits ; DSP Elements ; DSP 9x9 ; DSP 18x18 ; Pins ; Virtual Pins ; Full Hierarchy Name                                                             ; Library Name ;
+-------------------------------------------+-------------------+--------------+-------------+--------------+---------+-----------+------+--------------+---------------------------------------------------------------------------------+--------------+
; |add                                      ; 110 (0)           ; 38 (1)       ; 6144        ; 0            ; 0       ; 0         ; 27   ; 0            ; |add                                                                            ; work         ;
;    |CONTROL:inst2|                        ; 16 (16)           ; 0 (0)        ; 0           ; 0            ; 0       ; 0         ; 0    ; 0            ; |add|CONTROL:inst2                                                              ; work         ;
;    |PHASE_ACC:inst3|                      ; 32 (32)           ; 32 (32)      ; 0           ; 0            ; 0       ; 0         ; 0    ; 0            ; |add|PHASE_ACC:inst3                                                            ; work         ;
;    |afg:inst4|                            ; 0 (0)             ; 0 (0)        ; 2048        ; 0            ; 0       ; 0         ; 0    ; 0            ; |add|afg:inst4                                                                  ; work         ;
;       |altsyncram:altsyncram_component|   ; 0 (0)             ; 0 (0)        ; 2048        ; 0            ; 0       ; 0         ; 0    ; 0            ; |add|afg:inst4|altsyncram:altsyncram_component                                  ; work         ;
;          |altsyncram_49r3:auto_generated| ; 0 (0)             ; 0 (0)        ; 2048        ; 0            ; 0       ; 0         ; 0    ; 0            ; |add|afg:inst4|altsyncram:altsyncram_component|altsyncram_49r3:auto_generated   ; work         ;
;    |chose:inst5|                          ; 62 (62)           ; 5 (5)        ; 0           ; 0            ; 0       ; 0         ; 0    ; 0            ; |add|chose:inst5                                                                ; work         ;
;    |sin:inst6|                            ; 0 (0)             ; 0 (0)        ; 2048        ; 0            ; 0       ; 0         ; 0    ; 0            ; |add|sin:inst6                                                                  ; work         ;
;       |altsyncram:altsyncram_component|   ; 0 (0)             ; 0 (0)        ; 2048        ; 0            ; 0       ; 0         ; 0    ; 0            ; |add|sin:inst6|altsyncram:altsyncram_component                                  ; work         ;
;          |altsyncram_v6r3:auto_generated| ; 0 (0)             ; 0 (0)        ; 2048        ; 0            ; 0       ; 0         ; 0    ; 0            ; |add|sin:inst6|altsyncram:altsyncram_component|altsyncram_v6r3:auto_generated   ; work         ;
;    |tribo:inst7|                          ; 0 (0)             ; 0 (0)        ; 2048        ; 0            ; 0       ; 0         ; 0    ; 0            ; |add|tribo:inst7                                                                ; work         ;
;       |altsyncram:altsyncram_component|   ; 0 (0)             ; 0 (0)        ; 2048        ; 0            ; 0       ; 0         ; 0    ; 0            ; |add|tribo:inst7|altsyncram:altsyncram_component                                ; work         ;
;          |altsyncram_5ar3:auto_generated| ; 0 (0)             ; 0 (0)        ; 2048        ; 0            ; 0       ; 0         ; 0    ; 0            ; |add|tribo:inst7|altsyncram:altsyncram_component|altsyncram_5ar3:auto_generated ; work         ;
+-------------------------------------------+-------------------+--------------+-------------+--------------+---------+-----------+------+--------------+---------------------------------------------------------------------------------+--------------+
Note: For table entries with two numbers listed, the numbers in parentheses indicate the number of resources of the given type used by the specific entity alone. The numbers listed outside of parentheses indicate the total resources of the given type used by the specific entity and all of its sub-entities in the hierarchy.


+--------------------------------------------------------------------------------------------------------------------------------------------------------------------------------------+
; Analysis & Synthesis RAM Summary                                                                                                                                                     ;
+---------------------------------------------------------------------------------------+------+------+--------------+--------------+--------------+--------------+------+-------------+
; Name                                                                                  ; Type ; Mode ; Port A Depth ; Port A Width ; Port B Depth ; Port B Width ; Size ; MIF         ;
+---------------------------------------------------------------------------------------+------+------+--------------+--------------+--------------+--------------+------+-------------+
; afg:inst4|altsyncram:altsyncram_component|altsyncram_49r3:auto_generated|ALTSYNCRAM   ; AUTO ; ROM  ; 256          ; 8            ; --           ; --           ; 2048 ; afgdata.hex ;
; sin:inst6|altsyncram:altsyncram_component|altsyncram_v6r3:auto_generated|ALTSYNCRAM   ; AUTO ; ROM  ; 256          ; 8            ; --           ; --           ; 2048 ; sindat.hex  ;
; tribo:inst7|altsyncram:altsyncram_component|altsyncram_5ar3:auto_generated|ALTSYNCRAM ; AUTO ; ROM  ; 256          ; 8            ; --           ; --           ; 2048 ; tridata.hex ;
+---------------------------------------------------------------------------------------+------+------+--------------+--------------+--------------+--------------+------+-------------+


+----------------------------------------------------------------------------------------------------+
; Analysis & Synthesis IP Cores Summary                                                              ;
+--------+--------------+---------+--------------+--------------+------------------+-----------------+
; Vendor ; IP Core Name ; Version ; Release Date ; License Type ; Entity Instance  ; IP Include File ;
+--------+--------------+---------+--------------+--------------+------------------+-----------------+
; Altera ; ROM: 1-PORT  ; 15.0    ; N/A          ; N/A          ; |add|afg:inst4   ; afg.vhd         ;
; Altera ; ROM: 1-PORT  ; 15.0    ; N/A          ; N/A          ; |add|sin:inst6   ; sin.vhd         ;
; Altera ; ROM: 1-PORT  ; 15.0    ; N/A          ; N/A          ; |add|tribo:inst7 ; tribo.vhd       ;
+--------+--------------+---------+--------------+--------------+------------------+-----------------+


+------------------------------------------------------+
; General Register Statistics                          ;
+----------------------------------------------+-------+
; Statistic                                    ; Value ;
+----------------------------------------------+-------+
; Total registers                              ; 38    ;
; Number of registers using Synchronous Clear  ; 0     ;
; Number of registers using Synchronous Load   ; 0     ;
; Number of registers using Asynchronous Clear ; 0     ;
; Number of registers using Asynchronous Load  ; 0     ;
; Number of registers using Clock Enable       ; 0     ;
; Number of registers using Preset             ; 0     ;
+----------------------------------------------+-------+


+------------------------------------------------------------------------------------------------------------------------------------------+
; Multiplexer Restructuring Statistics (Restructuring Performed)                                                                           ;
+--------------------+-----------+---------------+----------------------+------------------------+------------+----------------------------+
; Multiplexer Inputs ; Bus Width ; Baseline Area ; Area if Restructured ; Saving if Restructured ; Registered ; Example Multiplexer Output ;
+--------------------+-----------+---------------+----------------------+------------------------+------------+----------------------------+
; 3:1                ; 8 bits    ; 16 LEs        ; 16 LEs               ; 0 LEs                  ; No         ; |add|CONTROL:inst2|OU[7]   ;
+--------------------+-----------+---------------+----------------------+------------------------+------------+----------------------------+


+-------------------------------------------------------------------------------------------------+
; Source assignments for afg:inst4|altsyncram:altsyncram_component|altsyncram_49r3:auto_generated ;
+---------------------------------+--------------------+------+-----------------------------------+
; Assignment                      ; Value              ; From ; To                                ;
+---------------------------------+--------------------+------+-----------------------------------+
; OPTIMIZE_POWER_DURING_SYNTHESIS ; NORMAL_COMPILATION ; -    ; -                                 ;
+---------------------------------+--------------------+------+-----------------------------------+


+-------------------------------------------------------------------------------------------------+
; Source assignments for sin:inst6|altsyncram:altsyncram_component|altsyncram_v6r3:auto_generated ;
+---------------------------------+--------------------+------+-----------------------------------+
; Assignment                      ; Value              ; From ; To                                ;
+---------------------------------+--------------------+------+-----------------------------------+
; OPTIMIZE_POWER_DURING_SYNTHESIS ; NORMAL_COMPILATION ; -    ; -                                 ;
+---------------------------------+--------------------+------+-----------------------------------+


+---------------------------------------------------------------------------------------------------+
; Source assignments for tribo:inst7|altsyncram:altsyncram_component|altsyncram_5ar3:auto_generated ;
+---------------------------------+--------------------+------+-------------------------------------+
; Assignment                      ; Value              ; From ; To                                  ;
+---------------------------------+--------------------+------+-------------------------------------+
; OPTIMIZE_POWER_DURING_SYNTHESIS ; NORMAL_COMPILATION ; -    ; -                                   ;
+---------------------------------+--------------------+------+-------------------------------------+


+----------------------------------------------------------------------------------------+
; Parameter Settings for User Entity Instance: afg:inst4|altsyncram:altsyncram_component ;
+------------------------------------+----------------------+----------------------------+
; Parameter Name                     ; Value                ; Type                       ;
+------------------------------------+----------------------+----------------------------+
; BYTE_SIZE_BLOCK                    ; 8                    ; Untyped                    ;
; AUTO_CARRY_CHAINS                  ; ON                   ; AUTO_CARRY                 ;
; IGNORE_CARRY_BUFFERS               ; OFF                  ; IGNORE_CARRY               ;
; AUTO_CASCADE_CHAINS                ; ON                   ; AUTO_CASCADE               ;
; IGNORE_CASCADE_BUFFERS             ; OFF                  ; IGNORE_CASCADE             ;
; WIDTH_BYTEENA                      ; 1                    ; Untyped                    ;
; OPERATION_MODE                     ; ROM                  ; Untyped                    ;
; WIDTH_A                            ; 8                    ; Signed Integer             ;
; WIDTHAD_A                          ; 8                    ; Signed Integer             ;
; NUMWORDS_A                         ; 256                  ; Signed Integer             ;
; OUTDATA_REG_A                      ; CLOCK0               ; Untyped                    ;
; ADDRESS_ACLR_A                     ; NONE                 ; Untyped                    ;
; OUTDATA_ACLR_A                     ; NONE                 ; Untyped                    ;
; WRCONTROL_ACLR_A                   ; NONE                 ; Untyped                    ;
; INDATA_ACLR_A                      ; NONE                 ; Untyped                    ;
; BYTEENA_ACLR_A                     ; NONE                 ; Untyped                    ;
; WIDTH_B                            ; 1                    ; Signed Integer             ;
; WIDTHAD_B                          ; 1                    ; Signed Integer             ;
; NUMWORDS_B                         ; 0                    ; Signed Integer             ;
; INDATA_REG_B                       ; CLOCK1               ; Untyped                    ;
; WRCONTROL_WRADDRESS_REG_B          ; CLOCK1               ; Untyped                    ;
; RDCONTROL_REG_B                    ; CLOCK1               ; Untyped                    ;
; ADDRESS_REG_B                      ; CLOCK1               ; Untyped                    ;
; OUTDATA_REG_B                      ; UNREGISTERED         ; Untyped                    ;
; BYTEENA_REG_B                      ; CLOCK1               ; Untyped                    ;
; INDATA_ACLR_B                      ; NONE                 ; Untyped                    ;
; WRCONTROL_ACLR_B                   ; NONE                 ; Untyped                    ;
; ADDRESS_ACLR_B                     ; NONE                 ; Untyped                    ;
; OUTDATA_ACLR_B                     ; NONE                 ; Untyped                    ;
; RDCONTROL_ACLR_B                   ; NONE                 ; Untyped                    ;
; BYTEENA_ACLR_B                     ; NONE                 ; Untyped                    ;
; WIDTH_BYTEENA_A                    ; 1                    ; Signed Integer             ;
; WIDTH_BYTEENA_B                    ; 1                    ; Signed Integer             ;
; RAM_BLOCK_TYPE                     ; AUTO                 ; Untyped                    ;
; BYTE_SIZE                          ; 8                    ; Signed Integer             ;
; READ_DURING_WRITE_MODE_MIXED_PORTS ; DONT_CARE            ; Untyped                    ;
; READ_DURING_WRITE_MODE_PORT_A      ; NEW_DATA_NO_NBE_READ ; Untyped                    ;
; READ_DURING_WRITE_MODE_PORT_B      ; NEW_DATA_NO_NBE_READ ; Untyped                    ;
; INIT_FILE                          ; afgdata.hex          ; Untyped                    ;
; INIT_FILE_LAYOUT                   ; PORT_A               ; Untyped                    ;
; MAXIMUM_DEPTH                      ; 0                    ; Signed Integer             ;
; CLOCK_ENABLE_INPUT_A               ; BYPASS               ; Untyped                    ;
; CLOCK_ENABLE_INPUT_B               ; NORMAL               ; Untyped                    ;
; CLOCK_ENABLE_OUTPUT_A              ; BYPASS               ; Untyped                    ;
; CLOCK_ENABLE_OUTPUT_B              ; NORMAL               ; Untyped                    ;
; CLOCK_ENABLE_CORE_A                ; USE_INPUT_CLKEN      ; Untyped                    ;
; CLOCK_ENABLE_CORE_B                ; USE_INPUT_CLKEN      ; Untyped                    ;
; ENABLE_ECC                         ; FALSE                ; Untyped                    ;
; ECC_PIPELINE_STAGE_ENABLED         ; FALSE                ; Untyped                    ;
; WIDTH_ECCSTATUS                    ; 3                    ; Signed Integer             ;
; DEVICE_FAMILY                      ; Cyclone IV E         ; Untyped                    ;
; CBXI_PARAMETER                     ; altsyncram_49r3      ; Untyped                    ;
+------------------------------------+----------------------+----------------------------+
Note: In order to hide this table in the UI and the text report file, please set the "Show Parameter Settings in Synthesis Report" option in "Analysis and Synthesis Settings -> More Settings" to "Off".


+----------------------------------------------------------------------------------------+
; Parameter Settings for User Entity Instance: sin:inst6|altsyncram:altsyncram_component ;
+------------------------------------+----------------------+----------------------------+
; Parameter Name                     ; Value                ; Type                       ;
+------------------------------------+----------------------+----------------------------+
; BYTE_SIZE_BLOCK                    ; 8                    ; Untyped                    ;
; AUTO_CARRY_CHAINS                  ; ON                   ; AUTO_CARRY                 ;
; IGNORE_CARRY_BUFFERS               ; OFF                  ; IGNORE_CARRY               ;
; AUTO_CASCADE_CHAINS                ; ON                   ; AUTO_CASCADE               ;
; IGNORE_CASCADE_BUFFERS             ; OFF                  ; IGNORE_CASCADE             ;
; WIDTH_BYTEENA                      ; 1                    ; Untyped                    ;
; OPERATION_MODE                     ; ROM                  ; Untyped                    ;
; WIDTH_A                            ; 8                    ; Signed Integer             ;
; WIDTHAD_A                          ; 8                    ; Signed Integer             ;
; NUMWORDS_A                         ; 256                  ; Signed Integer             ;
; OUTDATA_REG_A                      ; CLOCK0               ; Untyped                    ;
; ADDRESS_ACLR_A                     ; NONE                 ; Untyped                    ;
; OUTDATA_ACLR_A                     ; NONE                 ; Untyped                    ;
; WRCONTROL_ACLR_A                   ; NONE                 ; Untyped                    ;
; INDATA_ACLR_A                      ; NONE                 ; Untyped                    ;
; BYTEENA_ACLR_A                     ; NONE                 ; Untyped                    ;
; WIDTH_B                            ; 1                    ; Signed Integer             ;
; WIDTHAD_B                          ; 1                    ; Signed Integer             ;
; NUMWORDS_B                         ; 0                    ; Signed Integer             ;
; INDATA_REG_B                       ; CLOCK1               ; Untyped                    ;
; WRCONTROL_WRADDRESS_REG_B          ; CLOCK1               ; Untyped                    ;
; RDCONTROL_REG_B                    ; CLOCK1               ; Untyped                    ;
; ADDRESS_REG_B                      ; CLOCK1               ; Untyped                    ;
; OUTDATA_REG_B                      ; UNREGISTERED         ; Untyped                    ;
; BYTEENA_REG_B                      ; CLOCK1               ; Untyped                    ;
; INDATA_ACLR_B                      ; NONE                 ; Untyped                    ;
; WRCONTROL_ACLR_B                   ; NONE                 ; Untyped                    ;
; ADDRESS_ACLR_B                     ; NONE                 ; Untyped                    ;
; OUTDATA_ACLR_B                     ; NONE                 ; Untyped                    ;
; RDCONTROL_ACLR_B                   ; NONE                 ; Untyped                    ;
; BYTEENA_ACLR_B                     ; NONE                 ; Untyped                    ;
; WIDTH_BYTEENA_A                    ; 1                    ; Signed Integer             ;
; WIDTH_BYTEENA_B                    ; 1                    ; Signed Integer             ;
; RAM_BLOCK_TYPE                     ; AUTO                 ; Untyped                    ;
; BYTE_SIZE                          ; 8                    ; Signed Integer             ;
; READ_DURING_WRITE_MODE_MIXED_PORTS ; DONT_CARE            ; Untyped                    ;
; READ_DURING_WRITE_MODE_PORT_A      ; NEW_DATA_NO_NBE_READ ; Untyped                    ;
; READ_DURING_WRITE_MODE_PORT_B      ; NEW_DATA_NO_NBE_READ ; Untyped                    ;
; INIT_FILE                          ; sindat.hex           ; Untyped                    ;
; INIT_FILE_LAYOUT                   ; PORT_A               ; Untyped                    ;
; MAXIMUM_DEPTH                      ; 0                    ; Signed Integer             ;
; CLOCK_ENABLE_INPUT_A               ; BYPASS               ; Untyped                    ;
; CLOCK_ENABLE_INPUT_B               ; NORMAL               ; Untyped                    ;
; CLOCK_ENABLE_OUTPUT_A              ; BYPASS               ; Untyped                    ;
; CLOCK_ENABLE_OUTPUT_B              ; NORMAL               ; Untyped                    ;
; CLOCK_ENABLE_CORE_A                ; USE_INPUT_CLKEN      ; Untyped                    ;
; CLOCK_ENABLE_CORE_B                ; USE_INPUT_CLKEN      ; Untyped                    ;
; ENABLE_ECC                         ; FALSE                ; Untyped                    ;
; ECC_PIPELINE_STAGE_ENABLED         ; FALSE                ; Untyped                    ;
; WIDTH_ECCSTATUS                    ; 3                    ; Signed Integer             ;
; DEVICE_FAMILY                      ; Cyclone IV E         ; Untyped                    ;
; CBXI_PARAMETER                     ; altsyncram_v6r3      ; Untyped                    ;
+------------------------------------+----------------------+----------------------------+
Note: In order to hide this table in the UI and the text report file, please set the "Show Parameter Settings in Synthesis Report" option in "Analysis and Synthesis Settings -> More Settings" to "Off".


+------------------------------------------------------------------------------------------+
; Parameter Settings for User Entity Instance: tribo:inst7|altsyncram:altsyncram_component ;
+------------------------------------+----------------------+------------------------------+
; Parameter Name                     ; Value                ; Type                         ;
+------------------------------------+----------------------+------------------------------+
; BYTE_SIZE_BLOCK                    ; 8                    ; Untyped                      ;
; AUTO_CARRY_CHAINS                  ; ON                   ; AUTO_CARRY                   ;
; IGNORE_CARRY_BUFFERS               ; OFF                  ; IGNORE_CARRY                 ;
; AUTO_CASCADE_CHAINS                ; ON                   ; AUTO_CASCADE                 ;
; IGNORE_CASCADE_BUFFERS             ; OFF                  ; IGNORE_CASCADE               ;
; WIDTH_BYTEENA                      ; 1                    ; Untyped                      ;
; OPERATION_MODE                     ; ROM                  ; Untyped                      ;
; WIDTH_A                            ; 8                    ; Signed Integer               ;
; WIDTHAD_A                          ; 8                    ; Signed Integer               ;
; NUMWORDS_A                         ; 256                  ; Signed Integer               ;
; OUTDATA_REG_A                      ; CLOCK0               ; Untyped                      ;
; ADDRESS_ACLR_A                     ; NONE                 ; Untyped                      ;
; OUTDATA_ACLR_A                     ; NONE                 ; Untyped                      ;
; WRCONTROL_ACLR_A                   ; NONE                 ; Untyped                      ;
; INDATA_ACLR_A                      ; NONE                 ; Untyped                      ;
; BYTEENA_ACLR_A                     ; NONE                 ; Untyped                      ;
; WIDTH_B                            ; 1                    ; Signed Integer               ;
; WIDTHAD_B                          ; 1                    ; Signed Integer               ;
; NUMWORDS_B                         ; 0                    ; Signed Integer               ;
; INDATA_REG_B                       ; CLOCK1               ; Untyped                      ;
; WRCONTROL_WRADDRESS_REG_B          ; CLOCK1               ; Untyped                      ;
; RDCONTROL_REG_B                    ; CLOCK1               ; Untyped                      ;
; ADDRESS_REG_B                      ; CLOCK1               ; Untyped                      ;
; OUTDATA_REG_B                      ; UNREGISTERED         ; Untyped                      ;
; BYTEENA_REG_B                      ; CLOCK1               ; Untyped                      ;
; INDATA_ACLR_B                      ; NONE                 ; Untyped                      ;
; WRCONTROL_ACLR_B                   ; NONE                 ; Untyped                      ;
; ADDRESS_ACLR_B                     ; NONE                 ; Untyped                      ;
; OUTDATA_ACLR_B                     ; NONE                 ; Untyped                      ;
; RDCONTROL_ACLR_B                   ; NONE                 ; Untyped                      ;
; BYTEENA_ACLR_B                     ; NONE                 ; Untyped                      ;
; WIDTH_BYTEENA_A                    ; 1                    ; Signed Integer               ;
; WIDTH_BYTEENA_B                    ; 1                    ; Signed Integer               ;
; RAM_BLOCK_TYPE                     ; AUTO                 ; Untyped                      ;
; BYTE_SIZE                          ; 8                    ; Signed Integer               ;
; READ_DURING_WRITE_MODE_MIXED_PORTS ; DONT_CARE            ; Untyped                      ;
; READ_DURING_WRITE_MODE_PORT_A      ; NEW_DATA_NO_NBE_READ ; Untyped                      ;
; READ_DURING_WRITE_MODE_PORT_B      ; NEW_DATA_NO_NBE_READ ; Untyped                      ;
; INIT_FILE                          ; tridata.hex          ; Untyped                      ;
; INIT_FILE_LAYOUT                   ; PORT_A               ; Untyped                      ;
; MAXIMUM_DEPTH                      ; 0                    ; Signed Integer               ;
; CLOCK_ENABLE_INPUT_A               ; BYPASS               ; Untyped                      ;
; CLOCK_ENABLE_INPUT_B               ; NORMAL               ; Untyped                      ;
; CLOCK_ENABLE_OUTPUT_A              ; BYPASS               ; Untyped                      ;
; CLOCK_ENABLE_OUTPUT_B              ; NORMAL               ; Untyped                      ;
; CLOCK_ENABLE_CORE_A                ; USE_INPUT_CLKEN      ; Untyped                      ;
; CLOCK_ENABLE_CORE_B                ; USE_INPUT_CLKEN      ; Untyped                      ;
; ENABLE_ECC                         ; FALSE                ; Untyped                      ;
; ECC_PIPELINE_STAGE_ENABLED         ; FALSE                ; Untyped                      ;
; WIDTH_ECCSTATUS                    ; 3                    ; Signed Integer               ;
; DEVICE_FAMILY                      ; Cyclone IV E         ; Untyped                      ;
; CBXI_PARAMETER                     ; altsyncram_5ar3      ; Untyped                      ;
+------------------------------------+----------------------+------------------------------+
Note: In order to hide this table in the UI and the text report file, please set the "Show Parameter Settings in Synthesis Report" option in "Analysis and Synthesis Settings -> More Settings" to "Off".


+-----------------------------------------------------------------------------------------+
; altsyncram Parameter Settings by Entity Instance                                        ;
+-------------------------------------------+---------------------------------------------+
; Name                                      ; Value                                       ;
+-------------------------------------------+---------------------------------------------+
; Number of entity instances                ; 3                                           ;
; Entity Instance                           ; afg:inst4|altsyncram:altsyncram_component   ;
;     -- OPERATION_MODE                     ; ROM                                         ;
;     -- WIDTH_A                            ; 8                                           ;
;     -- NUMWORDS_A                         ; 256                                         ;
;     -- OUTDATA_REG_A                      ; CLOCK0                                      ;
;     -- WIDTH_B                            ; 1                                           ;
;     -- NUMWORDS_B                         ; 0                                           ;
;     -- ADDRESS_REG_B                      ; CLOCK1                                      ;
;     -- OUTDATA_REG_B                      ; UNREGISTERED                                ;
;     -- RAM_BLOCK_TYPE                     ; AUTO                                        ;
;     -- READ_DURING_WRITE_MODE_MIXED_PORTS ; DONT_CARE                                   ;
; Entity Instance                           ; sin:inst6|altsyncram:altsyncram_component   ;
;     -- OPERATION_MODE                     ; ROM                                         ;
;     -- WIDTH_A                            ; 8                                           ;
;     -- NUMWORDS_A                         ; 256                                         ;
;     -- OUTDATA_REG_A                      ; CLOCK0                                      ;
;     -- WIDTH_B                            ; 1                                           ;
;     -- NUMWORDS_B                         ; 0                                           ;
;     -- ADDRESS_REG_B                      ; CLOCK1                                      ;
;     -- OUTDATA_REG_B                      ; UNREGISTERED                                ;
;     -- RAM_BLOCK_TYPE                     ; AUTO                                        ;
;     -- READ_DURING_WRITE_MODE_MIXED_PORTS ; DONT_CARE                                   ;
; Entity Instance                           ; tribo:inst7|altsyncram:altsyncram_component ;
;     -- OPERATION_MODE                     ; ROM                                         ;
;     -- WIDTH_A                            ; 8                                           ;
;     -- NUMWORDS_A                         ; 256                                         ;
;     -- OUTDATA_REG_A                      ; CLOCK0                                      ;
;     -- WIDTH_B                            ; 1                                           ;
;     -- NUMWORDS_B                         ; 0                                           ;
;     -- ADDRESS_REG_B                      ; CLOCK1                                      ;
;     -- OUTDATA_REG_B                      ; UNREGISTERED                                ;
;     -- RAM_BLOCK_TYPE                     ; AUTO                                        ;
;     -- READ_DURING_WRITE_MODE_MIXED_PORTS ; DONT_CARE                                   ;
+-------------------------------------------+---------------------------------------------+


+-----------------------------------------------------+
; Post-Synthesis Netlist Statistics for Top Partition ;
+-----------------------+-----------------------------+
; Type                  ; Count                       ;
+-----------------------+-----------------------------+
; boundary_port         ; 27                          ;
; cycloneiii_ff         ; 38                          ;
;     plain             ; 38                          ;
; cycloneiii_lcell_comb ; 115                         ;
;     arith             ; 35                          ;
;         2 data inputs ; 12                          ;
;         3 data inputs ; 23                          ;
;     normal            ; 80                          ;
;         0 data inputs ; 1                           ;
;         1 data inputs ; 6                           ;
;         2 data inputs ; 12                          ;
;         3 data inputs ; 20                          ;
;         4 data inputs ; 41                          ;
; cycloneiii_ram_block  ; 24                          ;
;                       ;                             ;
; Max LUT depth         ; 6.00                        ;
; Average LUT depth     ; 3.44                        ;
+-----------------------+-----------------------------+


+-------------------------------+
; Elapsed Time Per Partition    ;
+----------------+--------------+
; Partition Name ; Elapsed Time ;
+----------------+--------------+
; Top            ; 00:00:00     ;
+----------------+--------------+


+-------------------------------+
; Analysis & Synthesis Messages ;
+-------------------------------+
Info: *******************************************************************
Info: Running Quartus II 64-Bit Analysis & Synthesis
    Info: Version 15.0.0 Build 145 04/22/2015 SJ Full Version
    Info: Processing started: Tue Jul 14 14:00:55 2020
Info: Command: quartus_map --read_settings_files=on --write_settings_files=off add -c add
Info (20030): Parallel compilation is enabled and will use 4 of the 4 processors detected
Info (12021): Found 2 design units, including 1 entities, in source file control.vhd
    Info (12022): Found design unit 1: CONTROL-one
    Info (12023): Found entity 1: CONTROL
Info (12021): Found 2 design units, including 1 entities, in source file chose.vhd
    Info (12022): Found design unit 1: chose-one
    Info (12023): Found entity 1: chose
Info (12021): Found 2 design units, including 1 entities, in source file phase_acc.vhd
    Info (12022): Found design unit 1: PHASE_ACC-one
    Info (12023): Found entity 1: PHASE_ACC
Info (12021): Found 2 design units, including 1 entities, in source file sin.vhd
    Info (12022): Found design unit 1: sin-SYN
    Info (12023): Found entity 1: sin
Info (12021): Found 2 design units, including 1 entities, in source file afg.vhd
    Info (12022): Found design unit 1: afg-SYN
    Info (12023): Found entity 1: afg
Info (12021): Found 2 design units, including 1 entities, in source file tribo.vhd
    Info (12022): Found design unit 1: tribo-SYN
    Info (12023): Found entity 1: tribo
Info (12021): Found 1 design units, including 1 entities, in source file add.bdf
    Info (12023): Found entity 1: add
Info (12127): Elaborating entity "add" for the top level hierarchy
Info (12128): Elaborating entity "CONTROL" for hierarchy "CONTROL:inst2"
Warning (10492): VHDL Process Statement warning at control.vhd(19): signal "IN1" is read inside the Process Statement but isn't in the Process Statement's sensitivity list
Warning (10492): VHDL Process Statement warning at control.vhd(21): signal "IN1" is read inside the Process Statement but isn't in the Process Statement's sensitivity list
Warning (10492): VHDL Process Statement warning at control.vhd(26): signal "IN2" is read inside the Process Statement but isn't in the Process Statement's sensitivity list
Warning (10492): VHDL Process Statement warning at control.vhd(28): signal "IN3" is read inside the Process Statement but isn't in the Process Statement's sensitivity list
Warning (10631): VHDL Process Statement warning at control.vhd(15): inferring latch(es) for signal or variable "OU", which holds its previous value in one or more paths through the process
Info (12128): Elaborating entity "afg" for hierarchy "afg:inst4"
Info (12128): Elaborating entity "altsyncram" for hierarchy "afg:inst4|altsyncram:altsyncram_component"
Info (12130): Elaborated megafunction instantiation "afg:inst4|altsyncram:altsyncram_component"
Info (12133): Instantiated megafunction "afg:inst4|altsyncram:altsyncram_component" with the following parameter:
    Info (12134): Parameter "address_aclr_a" = "NONE"
    Info (12134): Parameter "address_aclr_b" = "NONE"
    Info (12134): Parameter "address_reg_b" = "CLOCK1"
    Info (12134): Parameter "byte_size" = "8"
    Info (12134): Parameter "byteena_aclr_a" = "UNUSED"
    Info (12134): Parameter "byteena_aclr_b" = "NONE"
    Info (12134): Parameter "byteena_reg_b" = "CLOCK1"
    Info (12134): Parameter "clock_enable_core_a" = "USE_INPUT_CLKEN"
    Info (12134): Parameter "clock_enable_core_b" = "USE_INPUT_CLKEN"
    Info (12134): Parameter "clock_enable_input_a" = "BYPASS"
    Info (12134): Parameter "clock_enable_input_b" = "NORMAL"
    Info (12134): Parameter "clock_enable_output_a" = "BYPASS"
    Info (12134): Parameter "clock_enable_output_b" = "NORMAL"
    Info (12134): Parameter "intended_device_family" = "Cyclone IV E"
    Info (12134): Parameter "ecc_pipeline_stage_enabled" = "FALSE"
    Info (12134): Parameter "enable_ecc" = "FALSE"
    Info (12134): Parameter "implement_in_les" = "OFF"
    Info (12134): Parameter "indata_aclr_a" = "UNUSED"
    Info (12134): Parameter "indata_aclr_b" = "NONE"
    Info (12134): Parameter "indata_reg_b" = "CLOCK1"
    Info (12134): Parameter "init_file" = "afgdata.hex"
    Info (12134): Parameter "init_file_layout" = "PORT_A"
    Info (12134): Parameter "maximum_depth" = "0"
    Info (12134): Parameter "numwords_a" = "256"
    Info (12134): Parameter "numwords_b" = "0"
    Info (12134): Parameter "operation_mode" = "ROM"
    Info (12134): Parameter "outdata_aclr_a" = "NONE"
    Info (12134): Parameter "outdata_aclr_b" = "NONE"
    Info (12134): Parameter "outdata_reg_a" = "CLOCK0"
    Info (12134): Parameter "outdata_reg_b" = "UNREGISTERED"
    Info (12134): Parameter "power_up_uninitialized" = "FALSE"
    Info (12134): Parameter "ram_block_type" = "AUTO"
    Info (12134): Parameter "rdcontrol_aclr_b" = "NONE"
    Info (12134): Parameter "rdcontrol_reg_b" = "CLOCK1"
    Info (12134): Parameter "read_during_write_mode_mixed_ports" = "DONT_CARE"
    Info (12134): Parameter "read_during_write_mode_port_a" = "NEW_DATA_NO_NBE_READ"
    Info (12134): Parameter "read_during_write_mode_port_b" = "NEW_DATA_NO_NBE_READ"
    Info (12134): Parameter "stratixiv_m144k_allow_dual_clocks" = "ON"
    Info (12134): Parameter "width_a" = "8"
    Info (12134): Parameter "width_b" = "1"
    Info (12134): Parameter "width_byteena_a" = "1"
    Info (12134): Parameter "width_byteena_b" = "1"
    Info (12134): Parameter "width_eccstatus" = "3"
    Info (12134): Parameter "widthad_a" = "8"
    Info (12134): Parameter "widthad_b" = "1"
    Info (12134): Parameter "wrcontrol_aclr_a" = "UNUSED"
    Info (12134): Parameter "wrcontrol_aclr_b" = "NONE"
    Info (12134): Parameter "wrcontrol_wraddress_reg_b" = "CLOCK1"
    Info (12134): Parameter "lpm_hint" = "ENABLE_RUNTIME_MOD=NO"
    Info (12134): Parameter "lpm_type" = "altsyncram"
Info (12021): Found 1 design units, including 1 entities, in source file db/altsyncram_49r3.tdf
    Info (12023): Found entity 1: altsyncram_49r3
Info (12128): Elaborating entity "altsyncram_49r3" for hierarchy "afg:inst4|altsyncram:altsyncram_component|altsyncram_49r3:auto_generated"
Info (12128): Elaborating entity "PHASE_ACC" for hierarchy "PHASE_ACC:inst3"
Info (12128): Elaborating entity "chose" for hierarchy "chose:inst5"
Info (12128): Elaborating entity "sin" for hierarchy "sin:inst6"
Info (12128): Elaborating entity "altsyncram" for hierarchy "sin:inst6|altsyncram:altsyncram_component"
Info (12130): Elaborated megafunction instantiation "sin:inst6|altsyncram:altsyncram_component"
Info (12133): Instantiated megafunction "sin:inst6|altsyncram:altsyncram_component" with the following parameter:
    Info (12134): Parameter "address_aclr_a" = "NONE"
    Info (12134): Parameter "address_aclr_b" = "NONE"
    Info (12134): Parameter "address_reg_b" = "CLOCK1"
    Info (12134): Parameter "byte_size" = "8"
    Info (12134): Parameter "byteena_aclr_a" = "UNUSED"
    Info (12134): Parameter "byteena_aclr_b" = "NONE"
    Info (12134): Parameter "byteena_reg_b" = "CLOCK1"
    Info (12134): Parameter "clock_enable_core_a" = "USE_INPUT_CLKEN"
    Info (12134): Parameter "clock_enable_core_b" = "USE_INPUT_CLKEN"
    Info (12134): Parameter "clock_enable_input_a" = "BYPASS"
    Info (12134): Parameter "clock_enable_input_b" = "NORMAL"
    Info (12134): Parameter "clock_enable_output_a" = "BYPASS"
    Info (12134): Parameter "clock_enable_output_b" = "NORMAL"
    Info (12134): Parameter "intended_device_family" = "Cyclone IV E"
    Info (12134): Parameter "ecc_pipeline_stage_enabled" = "FALSE"
    Info (12134): Parameter "enable_ecc" = "FALSE"
    Info (12134): Parameter "implement_in_les" = "OFF"
    Info (12134): Parameter "indata_aclr_a" = "UNUSED"
    Info (12134): Parameter "indata_aclr_b" = "NONE"
    Info (12134): Parameter "indata_reg_b" = "CLOCK1"
    Info (12134): Parameter "init_file" = "sindat.hex"
    Info (12134): Parameter "init_file_layout" = "PORT_A"
    Info (12134): Parameter "maximum_depth" = "0"
    Info (12134): Parameter "numwords_a" = "256"
    Info (12134): Parameter "numwords_b" = "0"
    Info (12134): Parameter "operation_mode" = "ROM"
    Info (12134): Parameter "outdata_aclr_a" = "NONE"
    Info (12134): Parameter "outdata_aclr_b" = "NONE"
    Info (12134): Parameter "outdata_reg_a" = "CLOCK0"
    Info (12134): Parameter "outdata_reg_b" = "UNREGISTERED"
    Info (12134): Parameter "power_up_uninitialized" = "FALSE"
    Info (12134): Parameter "ram_block_type" = "AUTO"
    Info (12134): Parameter "rdcontrol_aclr_b" = "NONE"
    Info (12134): Parameter "rdcontrol_reg_b" = "CLOCK1"
    Info (12134): Parameter "read_during_write_mode_mixed_ports" = "DONT_CARE"
    Info (12134): Parameter "read_during_write_mode_port_a" = "NEW_DATA_NO_NBE_READ"
    Info (12134): Parameter "read_during_write_mode_port_b" = "NEW_DATA_NO_NBE_READ"
    Info (12134): Parameter "stratixiv_m144k_allow_dual_clocks" = "ON"
    Info (12134): Parameter "width_a" = "8"
    Info (12134): Parameter "width_b" = "1"
    Info (12134): Parameter "width_byteena_a" = "1"
    Info (12134): Parameter "width_byteena_b" = "1"
    Info (12134): Parameter "width_eccstatus" = "3"
    Info (12134): Parameter "widthad_a" = "8"
    Info (12134): Parameter "widthad_b" = "1"
    Info (12134): Parameter "wrcontrol_aclr_a" = "UNUSED"
    Info (12134): Parameter "wrcontrol_aclr_b" = "NONE"
    Info (12134): Parameter "wrcontrol_wraddress_reg_b" = "CLOCK1"
    Info (12134): Parameter "lpm_hint" = "ENABLE_RUNTIME_MOD=NO"
    Info (12134): Parameter "lpm_type" = "altsyncram"
Info (12021): Found 1 design units, including 1 entities, in source file db/altsyncram_v6r3.tdf
    Info (12023): Found entity 1: altsyncram_v6r3
Info (12128): Elaborating entity "altsyncram_v6r3" for hierarchy "sin:inst6|altsyncram:altsyncram_component|altsyncram_v6r3:auto_generated"
Info (12128): Elaborating entity "tribo" for hierarchy "tribo:inst7"
Info (12128): Elaborating entity "altsyncram" for hierarchy "tribo:inst7|altsyncram:altsyncram_component"
Info (12130): Elaborated megafunction instantiation "tribo:inst7|altsyncram:altsyncram_component"
Info (12133): Instantiated megafunction "tribo:inst7|altsyncram:altsyncram_component" with the following parameter:
    Info (12134): Parameter "address_aclr_a" = "NONE"
    Info (12134): Parameter "address_aclr_b" = "NONE"
    Info (12134): Parameter "address_reg_b" = "CLOCK1"
    Info (12134): Parameter "byte_size" = "8"
    Info (12134): Parameter "byteena_aclr_a" = "UNUSED"
    Info (12134): Parameter "byteena_aclr_b" = "NONE"
    Info (12134): Parameter "byteena_reg_b" = "CLOCK1"
    Info (12134): Parameter "clock_enable_core_a" = "USE_INPUT_CLKEN"
    Info (12134): Parameter "clock_enable_core_b" = "USE_INPUT_CLKEN"
    Info (12134): Parameter "clock_enable_input_a" = "BYPASS"
    Info (12134): Parameter "clock_enable_input_b" = "NORMAL"
    Info (12134): Parameter "clock_enable_output_a" = "BYPASS"
    Info (12134): Parameter "clock_enable_output_b" = "NORMAL"
    Info (12134): Parameter "intended_device_family" = "Cyclone IV E"
    Info (12134): Parameter "ecc_pipeline_stage_enabled" = "FALSE"
    Info (12134): Parameter "enable_ecc" = "FALSE"
    Info (12134): Parameter "implement_in_les" = "OFF"
    Info (12134): Parameter "indata_aclr_a" = "UNUSED"
    Info (12134): Parameter "indata_aclr_b" = "NONE"
    Info (12134): Parameter "indata_reg_b" = "CLOCK1"
    Info (12134): Parameter "init_file" = "tridata.hex"
    Info (12134): Parameter "init_file_layout" = "PORT_A"
    Info (12134): Parameter "maximum_depth" = "0"
    Info (12134): Parameter "numwords_a" = "256"
    Info (12134): Parameter "numwords_b" = "0"
    Info (12134): Parameter "operation_mode" = "ROM"
    Info (12134): Parameter "outdata_aclr_a" = "NONE"
    Info (12134): Parameter "outdata_aclr_b" = "NONE"
    Info (12134): Parameter "outdata_reg_a" = "CLOCK0"
    Info (12134): Parameter "outdata_reg_b" = "UNREGISTERED"
    Info (12134): Parameter "power_up_uninitialized" = "FALSE"
    Info (12134): Parameter "ram_block_type" = "AUTO"
    Info (12134): Parameter "rdcontrol_aclr_b" = "NONE"
    Info (12134): Parameter "rdcontrol_reg_b" = "CLOCK1"
    Info (12134): Parameter "read_during_write_mode_mixed_ports" = "DONT_CARE"
    Info (12134): Parameter "read_during_write_mode_port_a" = "NEW_DATA_NO_NBE_READ"
    Info (12134): Parameter "read_during_write_mode_port_b" = "NEW_DATA_NO_NBE_READ"
    Info (12134): Parameter "stratixiv_m144k_allow_dual_clocks" = "ON"
    Info (12134): Parameter "width_a" = "8"
    Info (12134): Parameter "width_b" = "1"
    Info (12134): Parameter "width_byteena_a" = "1"
    Info (12134): Parameter "width_byteena_b" = "1"
    Info (12134): Parameter "width_eccstatus" = "3"
    Info (12134): Parameter "widthad_a" = "8"
    Info (12134): Parameter "widthad_b" = "1"
    Info (12134): Parameter "wrcontrol_aclr_a" = "UNUSED"
    Info (12134): Parameter "wrcontrol_aclr_b" = "NONE"
    Info (12134): Parameter "wrcontrol_wraddress_reg_b" = "CLOCK1"
    Info (12134): Parameter "lpm_hint" = "ENABLE_RUNTIME_MOD=NO"
    Info (12134): Parameter "lpm_type" = "altsyncram"
Info (12021): Found 1 design units, including 1 entities, in source file db/altsyncram_5ar3.tdf
    Info (12023): Found entity 1: altsyncram_5ar3
Info (12128): Elaborating entity "altsyncram_5ar3" for hierarchy "tribo:inst7|altsyncram:altsyncram_component|altsyncram_5ar3:auto_generated"
Warning (13024): Output pins are stuck at VCC or GND
    Warning (13410): Pin "LEDB[1]" is stuck at VCC
Info (286030): Timing-Driven Synthesis is running
Info (16010): Generating hard_block partition "hard_block:auto_generated_inst"
    Info (16011): Adding 0 node(s), including 0 DDIO, 0 PLL, 0 transceiver and 0 LCELL
Info (21057): Implemented 162 device resources after synthesis - the final resource count might be different
    Info (21058): Implemented 4 input pins
    Info (21059): Implemented 23 output pins
    Info (21061): Implemented 111 logic cells
    Info (21064): Implemented 24 RAM segments
Info: Quartus II 64-Bit Analysis & Synthesis was successful. 0 errors, 7 warnings
    Info: Peak virtual memory: 4858 megabytes
    Info: Processing ended: Tue Jul 14 14:01:07 2020
    Info: Elapsed time: 00:00:12
    Info: Total CPU time (on all processors): 00:00:24


