C51 COMPILER V9.50a   UART                                                                 06/26/2014 16:01:22 PAGE 1   


C51 COMPILER V9.50a, COMPILATION OF MODULE UART
OBJECT MODULE PLACED IN UART.OBJ
COMPILER INVOKED BY: C:\Keil\C51\BIN\C51.EXE UART.C BROWSE DEBUG OBJECTEXTEND TABS(2)

line level    source

   1          #include "reg52.H"
   2          #include "UART.H"
   3          extern unsigned char rBuf[8];          //接收返回信息
   4          extern unsigned char g_ucUartRxEnd ;              //接收返回信息结束标志 
   5          unsigned char p; 
   6          
   7          void UartInit(void)   //19200bps@11.0592MHz
   8          {
   9   1        PCON |= 0x80;   //使能波特率倍速位SMOD
  10   1        SCON = 0x50;    //8位数据,可变波特率
  11   1        TMOD &= 0x0F;   //清除定时器1模式位
  12   1        TMOD |= 0x20;   //设定定时器1为8位自动重装方式
  13   1        TL1 = 0xFD;   //设定定时初值
  14   1        TH1 = 0xFD;   //设定定时器重装值
  15   1        ET1 = 0;    //禁止定时器1中断
  16   1        TR1 = 1;    //启动定时器1
  17   1        ES = 1 ;
  18   1        EA = 1 ;
  19   1      }
  20          
  21          /*----------------------------*/
  22          void SendData( unsigned char dat)
  23          {
  24   1          SBUF=dat;
  25   1          while(!TI);
  26   1          TI=0;
  27   1      }
  28          
  29          /****************************************************************/
  30          void UartSend(uchar *Datar,uchar cLength)
  31          {
  32   1         do
  33   1           {
  34   2               SendData(*(Datar++));
  35   2           }   while (--cLength != 0);
  36   1      }
  37          /****************************************************************/
  38          
  39          void Uart_Isr() interrupt 4 using 1
  40          {    
  41   1          if (RI)
  42   1          {
  43   2              RI = 0;             //Clear receive interrupt flag
  44   2              rBuf[p++] = SBUF; 
  45   2              if(p==8) g_ucUartRxEnd = 0xff;
  46   2          }
  47   1      
  48   1      }


MODULE INFORMATION:   STATIC OVERLAYABLE
   CODE SIZE        =    100    ----
   CONSTANT SIZE    =   ----    ----
   XDATA SIZE       =   ----    ----
   PDATA SIZE       =   ----    ----
C51 COMPILER V9.50a   UART                                                                 06/26/2014 16:01:22 PAGE 2   

   DATA SIZE        =      1       3
   IDATA SIZE       =   ----    ----
   BIT SIZE         =   ----    ----
END OF MODULE INFORMATION.


C51 COMPILATION COMPLETE.  0 WARNING(S),  0 ERROR(S)
