A51 MACRO ASSEMBLER  TK2                                                                  12/15/2020 09:09:57 PAGE     1


MACRO ASSEMBLER A51 V8.02c
OBJECT MODULE PLACED IN .\Objects\tk2.obj
ASSEMBLER INVOKED BY: E:\Keil_v5\C51\BIN\A51.EXE tk2.asm SET(SMALL) DEBUG PRINT(.\Listings\tk2.lst) OBJECT(.\Objects\tk2
                      .obj) EP

LOC  OBJ            LINE     SOURCE

                       1     
0000                   2                     ORG             0000H
0000 2100              3                     AJMP    START
0013                   4                     ORG             0013H
0013 2123              5                     AJMP    INTT1
0100                   6                     ORG             0100H
                       7             
0100 758160            8     START:  MOV             SP,#60H
0103 D2AA              9                     SETB    EX1
0105 D28A             10                     SETB    IT1
0107 D2AF             11                     SETB    EA
0109 75B804           12                     MOV             IP,#04H
010C 75B0FF           13                     MOV             P3,#0FFH
010F 7803             14     MAIN:   MOV             R0,#03H
0111 7A08             15                     MOV             R2,#08H
0113 3118             16                     ACALL   LOOP
0115 02010F           17                     LJMP    MAIN
                      18     
0118 E8               19     LOOP:   MOV             A,R0
0119 F590             20                     MOV             P1,A
011B 23               21                     RL              A
011C F8               22                     MOV             R0,A
011D 120152           23                     LCALL   D1S
0120 DAF6             24                     DJNZ    R2,LOOP
0122 22               25                     RET
                      26                     
0123 E5B0             27     INTT1:  MOV             A,P3
0125 F4               28                     CPL             A
0126 6020             29                     JZ              RETURN
0128 120149           30                     LCALL   D10ms            
012B E5B0             31                     MOV             A,P3
012D F4               32                     CPL             A
012E 6018             33                     JZ              RETURN
0130 20E301           34                     JB              ACC.3,Pkey0
0133 32               35                     RETI
                      36                     
0134                  37     Pkey0:  
0134 7901             38                     MOV             R1,#01H
0136 7B08             39                     MOV             R3,#08H
0138 313D             40                     ACALL   Pkey1
013A 020148           41                     LJMP    RETURN
                      42                     
013D E9               43     Pkey1:  MOV             A,R1
013E F590             44                     MOV             P1,A
0140 23               45                     RL              A
0141 F9               46                     MOV             R1,A
0142 120152           47                     LCALL   D1S
0145 DBF6             48                     DJNZ    R3,Pkey1
0147 22               49                     RET             
                      50                     
0148 32               51     RETURN: RETI
                      52     
0149 7F19             53     D10ms:  MOV             R7,#25
014B 7EC8             54     D4:             MOV             R6,#200
014D DEFE             55                     DJNZ    R6,$
014F DFFA             56                     DJNZ    R7,D4
0151 22               57                     RET
A51 MACRO ASSEMBLER  TK2                                                                  12/15/2020 09:09:57 PAGE     2

                      58     
0152 7D14             59     D1S:    MOV             R5,#20
0154 7E64             60     D5:             MOV             R6,#100
0156 7FF8             61     D6:             MOV             R7,#248
0158 DFFE             62     D7:             DJNZ    R7,D7
015A DEFA             63                     DJNZ    R6,D6
015C DDF6             64                     DJNZ    R5,D5
015E 22               65                     RET     
                      66                     
                      67                     END
A51 MACRO ASSEMBLER  TK2                                                                  12/15/2020 09:09:57 PAGE     3

SYMBOL TABLE LISTING
------ ----- -------


N A M E             T Y P E  V A L U E   ATTRIBUTES

ACC. . . . . . . .  D ADDR   00E0H   A   
D10MS. . . . . . .  C ADDR   0149H   A   
D1S. . . . . . . .  C ADDR   0152H   A   
D4 . . . . . . . .  C ADDR   014BH   A   
D5 . . . . . . . .  C ADDR   0154H   A   
D6 . . . . . . . .  C ADDR   0156H   A   
D7 . . . . . . . .  C ADDR   0158H   A   
EA . . . . . . . .  B ADDR   00A8H.7 A   
EX1. . . . . . . .  B ADDR   00A8H.2 A   
INTT1. . . . . . .  C ADDR   0123H   A   
IP . . . . . . . .  D ADDR   00B8H   A   
IT1. . . . . . . .  B ADDR   0088H.2 A   
LOOP . . . . . . .  C ADDR   0118H   A   
MAIN . . . . . . .  C ADDR   010FH   A   
P1 . . . . . . . .  D ADDR   0090H   A   
P3 . . . . . . . .  D ADDR   00B0H   A   
PKEY0. . . . . . .  C ADDR   0134H   A   
PKEY1. . . . . . .  C ADDR   013DH   A   
RETURN . . . . . .  C ADDR   0148H   A   
SP . . . . . . . .  D ADDR   0081H   A   
START. . . . . . .  C ADDR   0100H   A   


REGISTER BANK(S) USED: 0 


ASSEMBLY COMPLETE.  0 WARNING(S), 0 ERROR(S)
